{"E:\\SU\\Semester-2-WS-19-20\\SE\\MEJBAH_PROJECT\\Backend\\src\\app.js": {"path":"E:\\SU\\Semester-2-WS-19-20\\SE\\MEJBAH_PROJECT\\Backend\\src\\app.js","statementMap":{"0":{"start":{"line":1,"column":16},"end":{"line":1,"column":34}},"1":{"start":{"line":2,"column":0},"end":{"line":2,"column":25}},"2":{"start":{"line":3,"column":19},"end":{"line":3,"column":44}},"3":{"start":{"line":4,"column":23},"end":{"line":4,"column":52}},"4":{"start":{"line":5,"column":19},"end":{"line":5,"column":44}},"5":{"start":{"line":6,"column":22},"end":{"line":6,"column":50}},"6":{"start":{"line":7,"column":27},"end":{"line":7,"column":67}},"7":{"start":{"line":8,"column":0},"end":{"line":8,"column":30}},"8":{"start":{"line":10,"column":12},"end":{"line":10,"column":21}},"9":{"start":{"line":13,"column":0},"end":{"line":24,"column":3}},"10":{"start":{"line":14,"column":1},"end":{"line":14,"column":48}},"11":{"start":{"line":15,"column":1},"end":{"line":18,"column":3}},"12":{"start":{"line":19,"column":1},"end":{"line":22,"column":3}},"13":{"start":{"line":23,"column":1},"end":{"line":23,"column":8}},"14":{"start":{"line":26,"column":0},"end":{"line":26,"column":24}},"15":{"start":{"line":27,"column":0},"end":{"line":27,"column":20}},"16":{"start":{"line":28,"column":0},"end":{"line":28,"column":24}},"17":{"start":{"line":29,"column":0},"end":{"line":29,"column":20}},"18":{"start":{"line":30,"column":0},"end":{"line":30,"column":23}},"19":{"start":{"line":31,"column":0},"end":{"line":31,"column":28}},"20":{"start":{"line":33,"column":0},"end":{"line":33,"column":21}}},"fnMap":{"0":{"name":"(anonymous_0)","decl":{"start":{"line":13,"column":8},"end":{"line":13,"column":9}},"loc":{"start":{"line":13,"column":33},"end":{"line":24,"column":1}},"line":13}},"branchMap":{},"s":{"0":4,"1":4,"2":4,"3":4,"4":4,"5":4,"6":4,"7":4,"8":4,"9":4,"10":124,"11":124,"12":124,"13":124,"14":4,"15":4,"16":4,"17":4,"18":4,"19":4,"20":4},"f":{"0":124},"b":{},"_coverageSchema":"43e27e138ebf9cfc5966b082cf9a028302ed4184","hash":"ac92dbbd98df2d1c68b92a370a04346e8dc23119"}
,"E:\\SU\\Semester-2-WS-19-20\\SE\\MEJBAH_PROJECT\\Backend\\src\\db\\mongoose.js": {"path":"E:\\SU\\Semester-2-WS-19-20\\SE\\MEJBAH_PROJECT\\Backend\\src\\db\\mongoose.js","statementMap":{"0":{"start":{"line":1,"column":17},"end":{"line":1,"column":36}},"1":{"start":{"line":3,"column":0},"end":{"line":8,"column":3}}},"fnMap":{},"branchMap":{},"s":{"0":4,"1":4},"f":{},"b":{},"_coverageSchema":"43e27e138ebf9cfc5966b082cf9a028302ed4184","hash":"9aa9e813a022a2821d2ec20241268deecb880411"}
,"E:\\SU\\Semester-2-WS-19-20\\SE\\MEJBAH_PROJECT\\Backend\\src\\middleware\\auth.js": {"path":"E:\\SU\\Semester-2-WS-19-20\\SE\\MEJBAH_PROJECT\\Backend\\src\\middleware\\auth.js","statementMap":{"0":{"start":{"line":1,"column":12},"end":{"line":1,"column":35}},"1":{"start":{"line":2,"column":13},"end":{"line":2,"column":38}},"2":{"start":{"line":4,"column":13},"end":{"line":23,"column":1}},"3":{"start":{"line":5,"column":1},"end":{"line":22,"column":2}},"4":{"start":{"line":6,"column":16},"end":{"line":6,"column":66}},"5":{"start":{"line":7,"column":18},"end":{"line":7,"column":59}},"6":{"start":{"line":8,"column":15},"end":{"line":11,"column":4}},"7":{"start":{"line":13,"column":2},"end":{"line":15,"column":3}},"8":{"start":{"line":14,"column":3},"end":{"line":14,"column":21}},"9":{"start":{"line":17,"column":2},"end":{"line":17,"column":20}},"10":{"start":{"line":18,"column":2},"end":{"line":18,"column":18}},"11":{"start":{"line":19,"column":2},"end":{"line":19,"column":9}},"12":{"start":{"line":21,"column":2},"end":{"line":21,"column":57}},"13":{"start":{"line":25,"column":0},"end":{"line":25,"column":22}}},"fnMap":{"0":{"name":"(anonymous_0)","decl":{"start":{"line":4,"column":13},"end":{"line":4,"column":14}},"loc":{"start":{"line":4,"column":39},"end":{"line":23,"column":1}},"line":4}},"branchMap":{"0":{"loc":{"start":{"line":13,"column":2},"end":{"line":15,"column":3}},"type":"if","locations":[{"start":{"line":13,"column":2},"end":{"line":15,"column":3}},{"start":{"line":13,"column":2},"end":{"line":15,"column":3}}],"line":13}},"s":{"0":4,"1":4,"2":4,"3":98,"4":98,"5":90,"6":90,"7":90,"8":0,"9":90,"10":90,"11":90,"12":8,"13":4},"f":{"0":98},"b":{"0":[0,90]},"_coverageSchema":"43e27e138ebf9cfc5966b082cf9a028302ed4184","hash":"374f7b3d2578116141993ee6b910fbca2cb90497"}
,"E:\\SU\\Semester-2-WS-19-20\\SE\\MEJBAH_PROJECT\\Backend\\src\\middleware\\escape-html.js": {"path":"E:\\SU\\Semester-2-WS-19-20\\SE\\MEJBAH_PROJECT\\Backend\\src\\middleware\\escape-html.js","statementMap":{"0":{"start":{"line":1,"column":15},"end":{"line":1,"column":37}},"1":{"start":{"line":2,"column":19},"end":{"line":24,"column":1}},"2":{"start":{"line":3,"column":1},"end":{"line":23,"column":2}},"3":{"start":{"line":4,"column":2},"end":{"line":11,"column":3}},"4":{"start":{"line":5,"column":3},"end":{"line":10,"column":4}},"5":{"start":{"line":9,"column":4},"end":{"line":9,"column":42}},"6":{"start":{"line":13,"column":2},"end":{"line":19,"column":3}},"7":{"start":{"line":14,"column":3},"end":{"line":18,"column":4}},"8":{"start":{"line":15,"column":4},"end":{"line":17,"column":5}},"9":{"start":{"line":16,"column":5},"end":{"line":16,"column":45}},"10":{"start":{"line":20,"column":2},"end":{"line":20,"column":9}},"11":{"start":{"line":22,"column":2},"end":{"line":22,"column":30}},"12":{"start":{"line":26,"column":0},"end":{"line":26,"column":28}}},"fnMap":{"0":{"name":"(anonymous_0)","decl":{"start":{"line":2,"column":19},"end":{"line":2,"column":20}},"loc":{"start":{"line":2,"column":45},"end":{"line":24,"column":1}},"line":2}},"branchMap":{"0":{"loc":{"start":{"line":5,"column":3},"end":{"line":10,"column":4}},"type":"if","locations":[{"start":{"line":5,"column":3},"end":{"line":10,"column":4}},{"start":{"line":5,"column":3},"end":{"line":10,"column":4}}],"line":5},"1":{"loc":{"start":{"line":6,"column":4},"end":{"line":7,"column":37}},"type":"binary-expr","locations":[{"start":{"line":6,"column":4},"end":{"line":6,"column":32}},{"start":{"line":7,"column":4},"end":{"line":7,"column":37}}],"line":6},"2":{"loc":{"start":{"line":13,"column":2},"end":{"line":19,"column":3}},"type":"if","locations":[{"start":{"line":13,"column":2},"end":{"line":19,"column":3}},{"start":{"line":13,"column":2},"end":{"line":19,"column":3}}],"line":13},"3":{"loc":{"start":{"line":15,"column":4},"end":{"line":17,"column":5}},"type":"if","locations":[{"start":{"line":15,"column":4},"end":{"line":17,"column":5}},{"start":{"line":15,"column":4},"end":{"line":17,"column":5}}],"line":15}},"s":{"0":4,"1":4,"2":52,"3":52,"4":106,"5":102,"6":52,"7":52,"8":5,"9":5,"10":52,"11":0,"12":4},"f":{"0":52},"b":{"0":[102,4],"1":[106,106],"2":[52,0],"3":[5,0]},"_coverageSchema":"43e27e138ebf9cfc5966b082cf9a028302ed4184","hash":"10e53be5753b3a6b28cf2e99a0ae63a02f14e2bb"}
,"E:\\SU\\Semester-2-WS-19-20\\SE\\MEJBAH_PROJECT\\Backend\\src\\models\\comment.js": {"path":"E:\\SU\\Semester-2-WS-19-20\\SE\\MEJBAH_PROJECT\\Backend\\src\\models\\comment.js","statementMap":{"0":{"start":{"line":1,"column":17},"end":{"line":1,"column":36}},"1":{"start":{"line":2,"column":18},"end":{"line":2,"column":38}},"2":{"start":{"line":3,"column":24},"end":{"line":3,"column":51}},"3":{"start":{"line":5,"column":22},"end":{"line":32,"column":1}},"4":{"start":{"line":34,"column":16},"end":{"line":34,"column":56}},"5":{"start":{"line":36,"column":0},"end":{"line":36,"column":25}}},"fnMap":{},"branchMap":{},"s":{"0":4,"1":4,"2":4,"3":4,"4":4,"5":4},"f":{},"b":{},"_coverageSchema":"43e27e138ebf9cfc5966b082cf9a028302ed4184","hash":"d95f2ca53b18be60f6c232ba258fab76609edf51"}
,"E:\\SU\\Semester-2-WS-19-20\\SE\\MEJBAH_PROJECT\\Backend\\src\\models\\task.js": {"path":"E:\\SU\\Semester-2-WS-19-20\\SE\\MEJBAH_PROJECT\\Backend\\src\\models\\task.js","statementMap":{"0":{"start":{"line":1,"column":17},"end":{"line":1,"column":36}},"1":{"start":{"line":2,"column":18},"end":{"line":2,"column":38}},"2":{"start":{"line":4,"column":19},"end":{"line":45,"column":1}},"3":{"start":{"line":22,"column":4},"end":{"line":24,"column":5}},"4":{"start":{"line":23,"column":5},"end":{"line":23,"column":61}},"5":{"start":{"line":32,"column":4},"end":{"line":34,"column":5}},"6":{"start":{"line":33,"column":5},"end":{"line":33,"column":58}},"7":{"start":{"line":47,"column":13},"end":{"line":47,"column":47}},"8":{"start":{"line":49,"column":0},"end":{"line":49,"column":22}}},"fnMap":{"0":{"name":"(anonymous_0)","decl":{"start":{"line":21,"column":3},"end":{"line":21,"column":4}},"loc":{"start":{"line":21,"column":19},"end":{"line":25,"column":4}},"line":21},"1":{"name":"(anonymous_1)","decl":{"start":{"line":31,"column":3},"end":{"line":31,"column":4}},"loc":{"start":{"line":31,"column":19},"end":{"line":35,"column":4}},"line":31}},"branchMap":{"0":{"loc":{"start":{"line":22,"column":4},"end":{"line":24,"column":5}},"type":"if","locations":[{"start":{"line":22,"column":4},"end":{"line":24,"column":5}},{"start":{"line":22,"column":4},"end":{"line":24,"column":5}}],"line":22},"1":{"loc":{"start":{"line":32,"column":4},"end":{"line":34,"column":5}},"type":"if","locations":[{"start":{"line":32,"column":4},"end":{"line":34,"column":5}},{"start":{"line":32,"column":4},"end":{"line":34,"column":5}}],"line":32}},"s":{"0":4,"1":4,"2":4,"3":296,"4":0,"5":296,"6":0,"7":4,"8":4},"f":{"0":296,"1":296},"b":{"0":[0,296],"1":[0,296]},"_coverageSchema":"43e27e138ebf9cfc5966b082cf9a028302ed4184","hash":"865a45402451e01b72fe8a3b04f2ed6c890244a5"}
,"E:\\SU\\Semester-2-WS-19-20\\SE\\MEJBAH_PROJECT\\Backend\\src\\models\\taskinstance.js": {"path":"E:\\SU\\Semester-2-WS-19-20\\SE\\MEJBAH_PROJECT\\Backend\\src\\models\\taskinstance.js","statementMap":{"0":{"start":{"line":1,"column":17},"end":{"line":1,"column":36}},"1":{"start":{"line":2,"column":18},"end":{"line":2,"column":38}},"2":{"start":{"line":3,"column":23},"end":{"line":3,"column":50}},"3":{"start":{"line":5,"column":27},"end":{"line":68,"column":1}},"4":{"start":{"line":70,"column":21},"end":{"line":70,"column":71}},"5":{"start":{"line":72,"column":0},"end":{"line":72,"column":30}}},"fnMap":{},"branchMap":{},"s":{"0":4,"1":4,"2":4,"3":4,"4":4,"5":4},"f":{},"b":{},"_coverageSchema":"43e27e138ebf9cfc5966b082cf9a028302ed4184","hash":"42d44a40779898c82601050422123dfa876b1b61"}
,"E:\\SU\\Semester-2-WS-19-20\\SE\\MEJBAH_PROJECT\\Backend\\src\\models\\tasknotification.js": {"path":"E:\\SU\\Semester-2-WS-19-20\\SE\\MEJBAH_PROJECT\\Backend\\src\\models\\tasknotification.js","statementMap":{"0":{"start":{"line":1,"column":17},"end":{"line":1,"column":36}},"1":{"start":{"line":2,"column":18},"end":{"line":2,"column":38}},"2":{"start":{"line":4,"column":27},"end":{"line":37,"column":2}},"3":{"start":{"line":39,"column":25},"end":{"line":39,"column":79}},"4":{"start":{"line":41,"column":0},"end":{"line":41,"column":34}}},"fnMap":{},"branchMap":{},"s":{"0":4,"1":4,"2":4,"3":4,"4":4},"f":{},"b":{},"_coverageSchema":"43e27e138ebf9cfc5966b082cf9a028302ed4184","hash":"056be74ddf09ce67b49449c4bd93da6055462a4e"}
,"E:\\SU\\Semester-2-WS-19-20\\SE\\MEJBAH_PROJECT\\Backend\\src\\models\\user.js": {"path":"E:\\SU\\Semester-2-WS-19-20\\SE\\MEJBAH_PROJECT\\Backend\\src\\models\\user.js","statementMap":{"0":{"start":{"line":1,"column":17},"end":{"line":1,"column":36}},"1":{"start":{"line":2,"column":18},"end":{"line":2,"column":38}},"2":{"start":{"line":3,"column":15},"end":{"line":3,"column":32}},"3":{"start":{"line":4,"column":12},"end":{"line":4,"column":35}},"4":{"start":{"line":5,"column":30},"end":{"line":5,"column":57}},"5":{"start":{"line":6,"column":11},"end":{"line":6,"column":24}},"6":{"start":{"line":7,"column":19},"end":{"line":80,"column":1}},"7":{"start":{"line":20,"column":4},"end":{"line":22,"column":5}},"8":{"start":{"line":21,"column":5},"end":{"line":21,"column":41}},"9":{"start":{"line":30,"column":4},"end":{"line":32,"column":5}},"10":{"start":{"line":31,"column":5},"end":{"line":31,"column":63}},"11":{"start":{"line":33,"column":4},"end":{"line":35,"column":5}},"12":{"start":{"line":34,"column":5},"end":{"line":34,"column":51}},"13":{"start":{"line":84,"column":0},"end":{"line":92,"column":2}},"14":{"start":{"line":85,"column":14},"end":{"line":85,"column":18}},"15":{"start":{"line":86,"column":20},"end":{"line":86,"column":35}},"16":{"start":{"line":88,"column":1},"end":{"line":88,"column":28}},"17":{"start":{"line":89,"column":1},"end":{"line":89,"column":26}},"18":{"start":{"line":91,"column":1},"end":{"line":91,"column":19}},"19":{"start":{"line":96,"column":0},"end":{"line":107,"column":2}},"20":{"start":{"line":97,"column":14},"end":{"line":97,"column":18}},"21":{"start":{"line":98,"column":15},"end":{"line":101,"column":2}},"22":{"start":{"line":103,"column":1},"end":{"line":103,"column":45}},"23":{"start":{"line":105,"column":1},"end":{"line":105,"column":19}},"24":{"start":{"line":106,"column":1},"end":{"line":106,"column":14}},"25":{"start":{"line":111,"column":0},"end":{"line":121,"column":2}},"26":{"start":{"line":112,"column":14},"end":{"line":112,"column":18}},"27":{"start":{"line":113,"column":15},"end":{"line":116,"column":2}},"28":{"start":{"line":118,"column":1},"end":{"line":118,"column":45}},"29":{"start":{"line":119,"column":1},"end":{"line":119,"column":19}},"30":{"start":{"line":120,"column":1},"end":{"line":120,"column":14}},"31":{"start":{"line":125,"column":0},"end":{"line":146,"column":2}},"32":{"start":{"line":126,"column":14},"end":{"line":126,"column":43}},"33":{"start":{"line":127,"column":1},"end":{"line":129,"column":2}},"34":{"start":{"line":128,"column":2},"end":{"line":128,"column":37}},"35":{"start":{"line":131,"column":1},"end":{"line":133,"column":2}},"36":{"start":{"line":132,"column":2},"end":{"line":132,"column":50}},"37":{"start":{"line":135,"column":1},"end":{"line":137,"column":2}},"38":{"start":{"line":136,"column":2},"end":{"line":136,"column":56}},"39":{"start":{"line":139,"column":17},"end":{"line":139,"column":62}},"40":{"start":{"line":141,"column":1},"end":{"line":143,"column":2}},"41":{"start":{"line":142,"column":2},"end":{"line":142,"column":37}},"42":{"start":{"line":145,"column":1},"end":{"line":145,"column":13}},"43":{"start":{"line":149,"column":0},"end":{"line":157,"column":3}},"44":{"start":{"line":150,"column":14},"end":{"line":150,"column":18}},"45":{"start":{"line":152,"column":1},"end":{"line":154,"column":2}},"46":{"start":{"line":153,"column":2},"end":{"line":153,"column":54}},"47":{"start":{"line":156,"column":1},"end":{"line":156,"column":8}},"48":{"start":{"line":159,"column":13},"end":{"line":159,"column":47}},"49":{"start":{"line":161,"column":0},"end":{"line":161,"column":22}}},"fnMap":{"0":{"name":"(anonymous_0)","decl":{"start":{"line":19,"column":3},"end":{"line":19,"column":4}},"loc":{"start":{"line":19,"column":19},"end":{"line":23,"column":4}},"line":19},"1":{"name":"(anonymous_1)","decl":{"start":{"line":29,"column":3},"end":{"line":29,"column":4}},"loc":{"start":{"line":29,"column":19},"end":{"line":36,"column":4}},"line":29},"2":{"name":"(anonymous_2)","decl":{"start":{"line":84,"column":28},"end":{"line":84,"column":29}},"loc":{"start":{"line":84,"column":39},"end":{"line":92,"column":1}},"line":84},"3":{"name":"(anonymous_3)","decl":{"start":{"line":96,"column":43},"end":{"line":96,"column":44}},"loc":{"start":{"line":96,"column":60},"end":{"line":107,"column":1}},"line":96},"4":{"name":"(anonymous_4)","decl":{"start":{"line":111,"column":39},"end":{"line":111,"column":40}},"loc":{"start":{"line":111,"column":56},"end":{"line":121,"column":1}},"line":111},"5":{"name":"(anonymous_5)","decl":{"start":{"line":125,"column":39},"end":{"line":125,"column":40}},"loc":{"start":{"line":125,"column":66},"end":{"line":146,"column":1}},"line":125},"6":{"name":"(anonymous_6)","decl":{"start":{"line":149,"column":23},"end":{"line":149,"column":24}},"loc":{"start":{"line":149,"column":44},"end":{"line":157,"column":1}},"line":149}},"branchMap":{"0":{"loc":{"start":{"line":20,"column":4},"end":{"line":22,"column":5}},"type":"if","locations":[{"start":{"line":20,"column":4},"end":{"line":22,"column":5}},{"start":{"line":20,"column":4},"end":{"line":22,"column":5}}],"line":20},"1":{"loc":{"start":{"line":30,"column":4},"end":{"line":32,"column":5}},"type":"if","locations":[{"start":{"line":30,"column":4},"end":{"line":32,"column":5}},{"start":{"line":30,"column":4},"end":{"line":32,"column":5}}],"line":30},"2":{"loc":{"start":{"line":33,"column":4},"end":{"line":35,"column":5}},"type":"if","locations":[{"start":{"line":33,"column":4},"end":{"line":35,"column":5}},{"start":{"line":33,"column":4},"end":{"line":35,"column":5}}],"line":33},"3":{"loc":{"start":{"line":127,"column":1},"end":{"line":129,"column":2}},"type":"if","locations":[{"start":{"line":127,"column":1},"end":{"line":129,"column":2}},{"start":{"line":127,"column":1},"end":{"line":129,"column":2}}],"line":127},"4":{"loc":{"start":{"line":131,"column":1},"end":{"line":133,"column":2}},"type":"if","locations":[{"start":{"line":131,"column":1},"end":{"line":133,"column":2}},{"start":{"line":131,"column":1},"end":{"line":133,"column":2}}],"line":131},"5":{"loc":{"start":{"line":135,"column":1},"end":{"line":137,"column":2}},"type":"if","locations":[{"start":{"line":135,"column":1},"end":{"line":137,"column":2}},{"start":{"line":135,"column":1},"end":{"line":137,"column":2}}],"line":135},"6":{"loc":{"start":{"line":141,"column":1},"end":{"line":143,"column":2}},"type":"if","locations":[{"start":{"line":141,"column":1},"end":{"line":143,"column":2}},{"start":{"line":141,"column":1},"end":{"line":143,"column":2}}],"line":141},"7":{"loc":{"start":{"line":152,"column":1},"end":{"line":154,"column":2}},"type":"if","locations":[{"start":{"line":152,"column":1},"end":{"line":154,"column":2}},{"start":{"line":152,"column":1},"end":{"line":154,"column":2}}],"line":152}},"s":{"0":4,"1":4,"2":4,"3":4,"4":4,"5":4,"6":4,"7":176,"8":0,"9":177,"10":0,"11":177,"12":0,"13":4,"14":6,"15":6,"16":6,"17":6,"18":6,"19":4,"20":3,"21":3,"22":3,"23":3,"24":3,"25":4,"26":2,"27":2,"28":2,"29":2,"30":2,"31":4,"32":4,"33":4,"34":1,"35":3,"36":0,"37":3,"38":0,"39":3,"40":3,"41":1,"42":2,"43":4,"44":176,"45":176,"46":148,"47":176,"48":4,"49":4},"f":{"0":176,"1":177,"2":6,"3":3,"4":2,"5":4,"6":176},"b":{"0":[0,176],"1":[0,177],"2":[0,177],"3":[1,3],"4":[0,3],"5":[0,3],"6":[1,2],"7":[148,28]},"_coverageSchema":"43e27e138ebf9cfc5966b082cf9a028302ed4184","hash":"794e0ddb9bde9d462fff0db09f0a55af49c5c43b"}
,"E:\\SU\\Semester-2-WS-19-20\\SE\\MEJBAH_PROJECT\\Backend\\src\\models\\workflow.js": {"path":"E:\\SU\\Semester-2-WS-19-20\\SE\\MEJBAH_PROJECT\\Backend\\src\\models\\workflow.js","statementMap":{"0":{"start":{"line":1,"column":17},"end":{"line":1,"column":36}},"1":{"start":{"line":2,"column":18},"end":{"line":2,"column":38}},"2":{"start":{"line":3,"column":27},"end":{"line":3,"column":54}},"3":{"start":{"line":4,"column":23},"end":{"line":97,"column":1}},"4":{"start":{"line":99,"column":0},"end":{"line":99,"column":57}},"5":{"start":{"line":100,"column":17},"end":{"line":100,"column":59}},"6":{"start":{"line":102,"column":0},"end":{"line":102,"column":26}}},"fnMap":{},"branchMap":{},"s":{"0":4,"1":4,"2":4,"3":4,"4":4,"5":4,"6":4},"f":{},"b":{},"_coverageSchema":"43e27e138ebf9cfc5966b082cf9a028302ed4184","hash":"11f53f24a39f8f7465251d05371c923befdd264d"}
,"E:\\SU\\Semester-2-WS-19-20\\SE\\MEJBAH_PROJECT\\Backend\\src\\models\\workflowinstance.js": {"path":"E:\\SU\\Semester-2-WS-19-20\\SE\\MEJBAH_PROJECT\\Backend\\src\\models\\workflowinstance.js","statementMap":{"0":{"start":{"line":1,"column":17},"end":{"line":1,"column":36}},"1":{"start":{"line":2,"column":18},"end":{"line":2,"column":38}},"2":{"start":{"line":4,"column":31},"end":{"line":60,"column":1}},"3":{"start":{"line":62,"column":25},"end":{"line":65,"column":1}},"4":{"start":{"line":67,"column":0},"end":{"line":67,"column":34}}},"fnMap":{},"branchMap":{},"s":{"0":4,"1":4,"2":4,"3":4,"4":4},"f":{},"b":{},"_coverageSchema":"43e27e138ebf9cfc5966b082cf9a028302ed4184","hash":"541c10d8f6f92aa869466673f808c3d99dad0d8c"}
,"E:\\SU\\Semester-2-WS-19-20\\SE\\MEJBAH_PROJECT\\Backend\\src\\routers\\comment.js": {"path":"E:\\SU\\Semester-2-WS-19-20\\SE\\MEJBAH_PROJECT\\Backend\\src\\routers\\comment.js","statementMap":{"0":{"start":{"line":1,"column":16},"end":{"line":1,"column":34}},"1":{"start":{"line":2,"column":15},"end":{"line":2,"column":35}},"2":{"start":{"line":3,"column":13},"end":{"line":3,"column":42}},"3":{"start":{"line":4,"column":19},"end":{"line":4,"column":55}},"4":{"start":{"line":5,"column":17},"end":{"line":5,"column":46}},"5":{"start":{"line":6,"column":25},"end":{"line":6,"column":62}},"6":{"start":{"line":7,"column":13},"end":{"line":7,"column":38}},"7":{"start":{"line":8,"column":16},"end":{"line":8,"column":44}},"8":{"start":{"line":9,"column":12},"end":{"line":9,"column":35}},"9":{"start":{"line":10,"column":24},"end":{"line":10,"column":51}},"10":{"start":{"line":11,"column":11},"end":{"line":11,"column":24}},"11":{"start":{"line":13,"column":0},"end":{"line":43,"column":3}},"12":{"start":{"line":14,"column":1},"end":{"line":42,"column":2}},"13":{"start":{"line":17,"column":3},"end":{"line":18,"column":64}},"14":{"start":{"line":19,"column":2},"end":{"line":21,"column":3}},"15":{"start":{"line":20,"column":3},"end":{"line":20,"column":33}},"16":{"start":{"line":22,"column":2},"end":{"line":29,"column":3}},"17":{"start":{"line":28,"column":3},"end":{"line":28,"column":33}},"18":{"start":{"line":31,"column":16},"end":{"line":34,"column":4}},"19":{"start":{"line":35,"column":2},"end":{"line":35,"column":61}},"20":{"start":{"line":37,"column":2},"end":{"line":37,"column":23}},"21":{"start":{"line":38,"column":2},"end":{"line":38,"column":18}},"22":{"start":{"line":39,"column":2},"end":{"line":39,"column":32}},"23":{"start":{"line":41,"column":2},"end":{"line":41,"column":30}},"24":{"start":{"line":46,"column":0},"end":{"line":89,"column":3}},"25":{"start":{"line":47,"column":30},"end":{"line":47,"column":40}},"26":{"start":{"line":49,"column":1},"end":{"line":88,"column":2}},"27":{"start":{"line":51,"column":3},"end":{"line":52,"column":45}},"28":{"start":{"line":54,"column":2},"end":{"line":56,"column":3}},"29":{"start":{"line":55,"column":3},"end":{"line":55,"column":33}},"30":{"start":{"line":58,"column":2},"end":{"line":63,"column":3}},"31":{"start":{"line":59,"column":19},"end":{"line":59,"column":60}},"32":{"start":{"line":60,"column":3},"end":{"line":62,"column":6}},"33":{"start":{"line":65,"column":2},"end":{"line":74,"column":3}},"34":{"start":{"line":73,"column":3},"end":{"line":73,"column":33}},"35":{"start":{"line":76,"column":2},"end":{"line":85,"column":6}},"36":{"start":{"line":82,"column":4},"end":{"line":82,"column":50}},"37":{"start":{"line":82,"column":15},"end":{"line":82,"column":50}},"38":{"start":{"line":83,"column":4},"end":{"line":83,"column":49}},"39":{"start":{"line":83,"column":19},"end":{"line":83,"column":49}},"40":{"start":{"line":84,"column":4},"end":{"line":84,"column":35}},"41":{"start":{"line":87,"column":2},"end":{"line":87,"column":25}},"42":{"start":{"line":91,"column":0},"end":{"line":91,"column":24}}},"fnMap":{"0":{"name":"(anonymous_0)","decl":{"start":{"line":13,"column":47},"end":{"line":13,"column":48}},"loc":{"start":{"line":13,"column":67},"end":{"line":43,"column":1}},"line":13},"1":{"name":"(anonymous_1)","decl":{"start":{"line":46,"column":56},"end":{"line":46,"column":57}},"loc":{"start":{"line":46,"column":76},"end":{"line":89,"column":1}},"line":46},"2":{"name":"(anonymous_2)","decl":{"start":{"line":81,"column":9},"end":{"line":81,"column":10}},"loc":{"start":{"line":81,"column":35},"end":{"line":85,"column":4}},"line":81}},"branchMap":{"0":{"loc":{"start":{"line":17,"column":3},"end":{"line":18,"column":64}},"type":"binary-expr","locations":[{"start":{"line":17,"column":4},"end":{"line":17,"column":55}},{"start":{"line":18,"column":4},"end":{"line":18,"column":63}}],"line":17},"1":{"loc":{"start":{"line":19,"column":2},"end":{"line":21,"column":3}},"type":"if","locations":[{"start":{"line":19,"column":2},"end":{"line":21,"column":3}},{"start":{"line":19,"column":2},"end":{"line":21,"column":3}}],"line":19},"2":{"loc":{"start":{"line":22,"column":2},"end":{"line":29,"column":3}},"type":"if","locations":[{"start":{"line":22,"column":2},"end":{"line":29,"column":3}},{"start":{"line":22,"column":2},"end":{"line":29,"column":3}}],"line":22},"3":{"loc":{"start":{"line":23,"column":3},"end":{"line":26,"column":25}},"type":"binary-expr","locations":[{"start":{"line":23,"column":4},"end":{"line":23,"column":49}},{"start":{"line":24,"column":5},"end":{"line":24,"column":28}},{"start":{"line":24,"column":32},"end":{"line":24,"column":62}},{"start":{"line":25,"column":4},"end":{"line":25,"column":48}},{"start":{"line":26,"column":4},"end":{"line":26,"column":24}}],"line":23},"4":{"loc":{"start":{"line":51,"column":3},"end":{"line":52,"column":45}},"type":"binary-expr","locations":[{"start":{"line":51,"column":4},"end":{"line":51,"column":36}},{"start":{"line":52,"column":4},"end":{"line":52,"column":44}}],"line":51},"5":{"loc":{"start":{"line":54,"column":2},"end":{"line":56,"column":3}},"type":"if","locations":[{"start":{"line":54,"column":2},"end":{"line":56,"column":3}},{"start":{"line":54,"column":2},"end":{"line":56,"column":3}}],"line":54},"6":{"loc":{"start":{"line":58,"column":2},"end":{"line":63,"column":3}},"type":"if","locations":[{"start":{"line":58,"column":2},"end":{"line":63,"column":3}},{"start":{"line":58,"column":2},"end":{"line":63,"column":3}}],"line":58},"7":{"loc":{"start":{"line":65,"column":2},"end":{"line":74,"column":3}},"type":"if","locations":[{"start":{"line":65,"column":2},"end":{"line":74,"column":3}},{"start":{"line":65,"column":2},"end":{"line":74,"column":3}}],"line":65},"8":{"loc":{"start":{"line":66,"column":3},"end":{"line":71,"column":56}},"type":"binary-expr","locations":[{"start":{"line":66,"column":4},"end":{"line":66,"column":32}},{"start":{"line":67,"column":5},"end":{"line":67,"column":28}},{"start":{"line":68,"column":5},"end":{"line":68,"column":11}},{"start":{"line":69,"column":5},"end":{"line":69,"column":10}},{"start":{"line":70,"column":5},"end":{"line":70,"column":31}},{"start":{"line":71,"column":4},"end":{"line":71,"column":31}},{"start":{"line":71,"column":35},"end":{"line":71,"column":55}}],"line":66},"9":{"loc":{"start":{"line":82,"column":4},"end":{"line":82,"column":50}},"type":"if","locations":[{"start":{"line":82,"column":4},"end":{"line":82,"column":50}},{"start":{"line":82,"column":4},"end":{"line":82,"column":50}}],"line":82},"10":{"loc":{"start":{"line":83,"column":4},"end":{"line":83,"column":49}},"type":"if","locations":[{"start":{"line":83,"column":4},"end":{"line":83,"column":49}},{"start":{"line":83,"column":4},"end":{"line":83,"column":49}}],"line":83}},"s":{"0":4,"1":4,"2":4,"3":4,"4":4,"5":4,"6":4,"7":4,"8":4,"9":4,"10":4,"11":4,"12":15,"13":15,"14":15,"15":0,"16":15,"17":3,"18":12,"19":12,"20":12,"21":12,"22":12,"23":0,"24":4,"25":5,"26":5,"27":5,"28":5,"29":0,"30":5,"31":3,"32":3,"33":5,"34":3,"35":2,"36":2,"37":0,"38":2,"39":0,"40":2,"41":0,"42":4},"f":{"0":15,"1":5,"2":2},"b":{"0":[15,9],"1":[0,15],"2":[3,12],"3":[15,9,8,13,6],"4":[5,3],"5":[0,5],"6":[3,2],"7":[3,2],"8":[5,3,2,2,2,3,2],"9":[0,2],"10":[0,2]},"_coverageSchema":"43e27e138ebf9cfc5966b082cf9a028302ed4184","hash":"9dfd1ad2cf8ba418f88e65d79f681ae80c463171"}
,"E:\\SU\\Semester-2-WS-19-20\\SE\\MEJBAH_PROJECT\\Backend\\src\\routers\\task.js": {"path":"E:\\SU\\Semester-2-WS-19-20\\SE\\MEJBAH_PROJECT\\Backend\\src\\routers\\task.js","statementMap":{"0":{"start":{"line":1,"column":16},"end":{"line":1,"column":34}},"1":{"start":{"line":2,"column":15},"end":{"line":2,"column":35}},"2":{"start":{"line":3,"column":13},"end":{"line":3,"column":42}},"3":{"start":{"line":4,"column":19},"end":{"line":4,"column":55}},"4":{"start":{"line":5,"column":13},"end":{"line":5,"column":38}},"5":{"start":{"line":6,"column":17},"end":{"line":6,"column":46}},"6":{"start":{"line":7,"column":11},"end":{"line":7,"column":24}},"7":{"start":{"line":10,"column":0},"end":{"line":29,"column":3}},"8":{"start":{"line":11,"column":1},"end":{"line":28,"column":2}},"9":{"start":{"line":12,"column":15},"end":{"line":12,"column":40}},"10":{"start":{"line":13,"column":2},"end":{"line":13,"column":20}},"11":{"start":{"line":15,"column":13},"end":{"line":18,"column":4}},"12":{"start":{"line":19,"column":2},"end":{"line":21,"column":3}},"13":{"start":{"line":20,"column":3},"end":{"line":20,"column":33}},"14":{"start":{"line":22,"column":2},"end":{"line":22,"column":49}},"15":{"start":{"line":23,"column":2},"end":{"line":23,"column":18}},"16":{"start":{"line":25,"column":2},"end":{"line":25,"column":29}},"17":{"start":{"line":27,"column":2},"end":{"line":27,"column":30}},"18":{"start":{"line":68,"column":0},"end":{"line":91,"column":3}},"19":{"start":{"line":69,"column":17},"end":{"line":69,"column":27}},"20":{"start":{"line":71,"column":1},"end":{"line":90,"column":2}},"21":{"start":{"line":72,"column":13},"end":{"line":72,"column":65}},"22":{"start":{"line":73,"column":2},"end":{"line":75,"column":3}},"23":{"start":{"line":74,"column":3},"end":{"line":74,"column":33}},"24":{"start":{"line":76,"column":16},"end":{"line":76,"column":50}},"25":{"start":{"line":77,"column":2},"end":{"line":79,"column":3}},"26":{"start":{"line":78,"column":3},"end":{"line":78,"column":33}},"27":{"start":{"line":81,"column":2},"end":{"line":87,"column":5}},"28":{"start":{"line":89,"column":2},"end":{"line":89,"column":25}},"29":{"start":{"line":110,"column":0},"end":{"line":153,"column":2}},"30":{"start":{"line":115,"column":25},"end":{"line":115,"column":35}},"31":{"start":{"line":117,"column":18},"end":{"line":117,"column":39}},"32":{"start":{"line":119,"column":25},"end":{"line":124,"column":3}},"33":{"start":{"line":125,"column":27},"end":{"line":127,"column":3}},"34":{"start":{"line":126,"column":3},"end":{"line":126,"column":34}},"35":{"start":{"line":129,"column":2},"end":{"line":131,"column":3}},"36":{"start":{"line":130,"column":3},"end":{"line":130,"column":62}},"37":{"start":{"line":133,"column":2},"end":{"line":151,"column":3}},"38":{"start":{"line":134,"column":14},"end":{"line":137,"column":5}},"39":{"start":{"line":138,"column":16},"end":{"line":138,"column":49}},"40":{"start":{"line":140,"column":3},"end":{"line":142,"column":4}},"41":{"start":{"line":141,"column":4},"end":{"line":141,"column":34}},"42":{"start":{"line":144,"column":3},"end":{"line":144,"column":64}},"43":{"start":{"line":144,"column":30},"end":{"line":144,"column":61}},"44":{"start":{"line":146,"column":3},"end":{"line":146,"column":21}},"45":{"start":{"line":148,"column":3},"end":{"line":148,"column":30}},"46":{"start":{"line":150,"column":3},"end":{"line":150,"column":31}},"47":{"start":{"line":156,"column":0},"end":{"line":180,"column":3}},"48":{"start":{"line":157,"column":1},"end":{"line":179,"column":2}},"49":{"start":{"line":158,"column":11},"end":{"line":161,"column":4}},"50":{"start":{"line":163,"column":2},"end":{"line":165,"column":3}},"51":{"start":{"line":164,"column":3},"end":{"line":164,"column":33}},"52":{"start":{"line":167,"column":15},"end":{"line":169,"column":4}},"53":{"start":{"line":171,"column":2},"end":{"line":173,"column":4}},"54":{"start":{"line":172,"column":12},"end":{"line":172,"column":47}},"55":{"start":{"line":175,"column":2},"end":{"line":175,"column":18}},"56":{"start":{"line":176,"column":2},"end":{"line":176,"column":42}},"57":{"start":{"line":178,"column":2},"end":{"line":178,"column":25}},"58":{"start":{"line":182,"column":0},"end":{"line":182,"column":24}}},"fnMap":{"0":{"name":"(anonymous_0)","decl":{"start":{"line":10,"column":56},"end":{"line":10,"column":57}},"loc":{"start":{"line":10,"column":76},"end":{"line":29,"column":1}},"line":10},"1":{"name":"(anonymous_1)","decl":{"start":{"line":68,"column":45},"end":{"line":68,"column":46}},"loc":{"start":{"line":68,"column":65},"end":{"line":91,"column":1}},"line":68},"2":{"name":"(anonymous_2)","decl":{"start":{"line":114,"column":1},"end":{"line":114,"column":2}},"loc":{"start":{"line":114,"column":21},"end":{"line":152,"column":2}},"line":114},"3":{"name":"(anonymous_3)","decl":{"start":{"line":125,"column":41},"end":{"line":125,"column":42}},"loc":{"start":{"line":126,"column":3},"end":{"line":126,"column":34}},"line":126},"4":{"name":"(anonymous_4)","decl":{"start":{"line":144,"column":19},"end":{"line":144,"column":20}},"loc":{"start":{"line":144,"column":30},"end":{"line":144,"column":61}},"line":144},"5":{"name":"(anonymous_5)","decl":{"start":{"line":156,"column":51},"end":{"line":156,"column":52}},"loc":{"start":{"line":156,"column":71},"end":{"line":180,"column":1}},"line":156},"6":{"name":"(anonymous_6)","decl":{"start":{"line":172,"column":3},"end":{"line":172,"column":4}},"loc":{"start":{"line":172,"column":12},"end":{"line":172,"column":47}},"line":172}},"branchMap":{"0":{"loc":{"start":{"line":19,"column":2},"end":{"line":21,"column":3}},"type":"if","locations":[{"start":{"line":19,"column":2},"end":{"line":21,"column":3}},{"start":{"line":19,"column":2},"end":{"line":21,"column":3}}],"line":19},"1":{"loc":{"start":{"line":73,"column":2},"end":{"line":75,"column":3}},"type":"if","locations":[{"start":{"line":73,"column":2},"end":{"line":75,"column":3}},{"start":{"line":73,"column":2},"end":{"line":75,"column":3}}],"line":73},"2":{"loc":{"start":{"line":77,"column":2},"end":{"line":79,"column":3}},"type":"if","locations":[{"start":{"line":77,"column":2},"end":{"line":79,"column":3}},{"start":{"line":77,"column":2},"end":{"line":79,"column":3}}],"line":77},"3":{"loc":{"start":{"line":129,"column":2},"end":{"line":131,"column":3}},"type":"if","locations":[{"start":{"line":129,"column":2},"end":{"line":131,"column":3}},{"start":{"line":129,"column":2},"end":{"line":131,"column":3}}],"line":129},"4":{"loc":{"start":{"line":140,"column":3},"end":{"line":142,"column":4}},"type":"if","locations":[{"start":{"line":140,"column":3},"end":{"line":142,"column":4}},{"start":{"line":140,"column":3},"end":{"line":142,"column":4}}],"line":140},"5":{"loc":{"start":{"line":140,"column":7},"end":{"line":140,"column":52}},"type":"binary-expr","locations":[{"start":{"line":140,"column":7},"end":{"line":140,"column":10}},{"start":{"line":140,"column":14},"end":{"line":140,"column":19}},{"start":{"line":140,"column":23},"end":{"line":140,"column":52}}],"line":140},"6":{"loc":{"start":{"line":163,"column":2},"end":{"line":165,"column":3}},"type":"if","locations":[{"start":{"line":163,"column":2},"end":{"line":165,"column":3}},{"start":{"line":163,"column":2},"end":{"line":165,"column":3}}],"line":163}},"s":{"0":4,"1":4,"2":4,"3":4,"4":4,"5":4,"6":4,"7":4,"8":2,"9":2,"10":2,"11":2,"12":2,"13":1,"14":1,"15":1,"16":1,"17":0,"18":4,"19":2,"20":2,"21":2,"22":2,"23":1,"24":1,"25":1,"26":0,"27":1,"28":0,"29":4,"30":3,"31":3,"32":3,"33":3,"34":2,"35":3,"36":1,"37":2,"38":2,"39":2,"40":2,"41":1,"42":1,"43":1,"44":1,"45":1,"46":0,"47":4,"48":2,"49":2,"50":2,"51":1,"52":1,"53":1,"54":1,"55":1,"56":1,"57":0,"58":4},"f":{"0":2,"1":2,"2":3,"3":2,"4":1,"5":2,"6":1},"b":{"0":[1,1],"1":[1,1],"2":[0,1],"3":[1,2],"4":[1,1],"5":[2,1,1],"6":[1,1]},"_coverageSchema":"43e27e138ebf9cfc5966b082cf9a028302ed4184","hash":"35512be0e9d08a7784d48d229707dc2c9a7d629e"}
,"E:\\SU\\Semester-2-WS-19-20\\SE\\MEJBAH_PROJECT\\Backend\\src\\routers\\user.js": {"path":"E:\\SU\\Semester-2-WS-19-20\\SE\\MEJBAH_PROJECT\\Backend\\src\\routers\\user.js","statementMap":{"0":{"start":{"line":1,"column":16},"end":{"line":1,"column":34}},"1":{"start":{"line":2,"column":15},"end":{"line":2,"column":35}},"2":{"start":{"line":3,"column":13},"end":{"line":3,"column":42}},"3":{"start":{"line":4,"column":19},"end":{"line":4,"column":55}},"4":{"start":{"line":5,"column":13},"end":{"line":5,"column":38}},"5":{"start":{"line":6,"column":15},"end":{"line":6,"column":32}},"6":{"start":{"line":7,"column":14},"end":{"line":7,"column":30}},"7":{"start":{"line":8,"column":12},"end":{"line":8,"column":35}},"8":{"start":{"line":9,"column":15},"end":{"line":9,"column":32}},"9":{"start":{"line":10,"column":30},"end":{"line":10,"column":57}},"10":{"start":{"line":15,"column":4},"end":{"line":15,"column":38}},"11":{"start":{"line":18,"column":0},"end":{"line":35,"column":3}},"12":{"start":{"line":19,"column":1},"end":{"line":34,"column":2}},"13":{"start":{"line":20,"column":15},"end":{"line":20,"column":33}},"14":{"start":{"line":21,"column":26},"end":{"line":21,"column":72}},"15":{"start":{"line":22,"column":2},"end":{"line":24,"column":3}},"16":{"start":{"line":23,"column":3},"end":{"line":23,"column":46}},"17":{"start":{"line":26,"column":2},"end":{"line":26,"column":20}},"18":{"start":{"line":27,"column":26},"end":{"line":27,"column":60}},"19":{"start":{"line":31,"column":2},"end":{"line":31,"column":41}},"20":{"start":{"line":33,"column":2},"end":{"line":33,"column":38}},"21":{"start":{"line":38,"column":0},"end":{"line":62,"column":3}},"22":{"start":{"line":39,"column":1},"end":{"line":61,"column":2}},"23":{"start":{"line":40,"column":20},"end":{"line":40,"column":30}},"24":{"start":{"line":41,"column":18},"end":{"line":41,"column":59}},"25":{"start":{"line":43,"column":15},"end":{"line":46,"column":4}},"26":{"start":{"line":48,"column":2},"end":{"line":50,"column":3}},"27":{"start":{"line":49,"column":3},"end":{"line":49,"column":33}},"28":{"start":{"line":52,"column":2},"end":{"line":56,"column":3}},"29":{"start":{"line":53,"column":3},"end":{"line":53,"column":53}},"30":{"start":{"line":54,"column":3},"end":{"line":54,"column":21}},"31":{"start":{"line":55,"column":3},"end":{"line":55,"column":50}},"32":{"start":{"line":58,"column":2},"end":{"line":58,"column":29}},"33":{"start":{"line":60,"column":2},"end":{"line":60,"column":30}},"34":{"start":{"line":65,"column":0},"end":{"line":85,"column":3}},"35":{"start":{"line":66,"column":1},"end":{"line":84,"column":2}},"36":{"start":{"line":67,"column":20},"end":{"line":67,"column":30}},"37":{"start":{"line":68,"column":18},"end":{"line":68,"column":59}},"38":{"start":{"line":69,"column":15},"end":{"line":72,"column":4}},"39":{"start":{"line":74,"column":2},"end":{"line":76,"column":3}},"40":{"start":{"line":75,"column":3},"end":{"line":75,"column":33}},"41":{"start":{"line":78,"column":28},"end":{"line":78,"column":62}},"42":{"start":{"line":81,"column":2},"end":{"line":81,"column":41}},"43":{"start":{"line":83,"column":2},"end":{"line":83,"column":38}},"44":{"start":{"line":88,"column":0},"end":{"line":109,"column":3}},"45":{"start":{"line":89,"column":1},"end":{"line":108,"column":2}},"46":{"start":{"line":90,"column":20},"end":{"line":90,"column":30}},"47":{"start":{"line":91,"column":18},"end":{"line":91,"column":59}},"48":{"start":{"line":92,"column":15},"end":{"line":95,"column":4}},"49":{"start":{"line":97,"column":2},"end":{"line":99,"column":3}},"50":{"start":{"line":98,"column":3},"end":{"line":98,"column":33}},"51":{"start":{"line":101,"column":2},"end":{"line":101,"column":50}},"52":{"start":{"line":102,"column":2},"end":{"line":102,"column":19}},"53":{"start":{"line":103,"column":2},"end":{"line":103,"column":20}},"54":{"start":{"line":105,"column":2},"end":{"line":105,"column":25}},"55":{"start":{"line":107,"column":2},"end":{"line":107,"column":25}},"56":{"start":{"line":112,"column":0},"end":{"line":139,"column":3}},"57":{"start":{"line":113,"column":1},"end":{"line":138,"column":2}},"58":{"start":{"line":114,"column":15},"end":{"line":116,"column":4}},"59":{"start":{"line":118,"column":2},"end":{"line":120,"column":3}},"60":{"start":{"line":119,"column":3},"end":{"line":119,"column":33}},"61":{"start":{"line":122,"column":26},"end":{"line":122,"column":72}},"62":{"start":{"line":123,"column":2},"end":{"line":125,"column":3}},"63":{"start":{"line":124,"column":3},"end":{"line":124,"column":46}},"64":{"start":{"line":127,"column":29},"end":{"line":127,"column":63}},"65":{"start":{"line":135,"column":2},"end":{"line":135,"column":42}},"66":{"start":{"line":137,"column":2},"end":{"line":137,"column":38}},"67":{"start":{"line":142,"column":0},"end":{"line":164,"column":3}},"68":{"start":{"line":143,"column":1},"end":{"line":163,"column":2}},"69":{"start":{"line":144,"column":30},"end":{"line":144,"column":39}},"70":{"start":{"line":145,"column":18},"end":{"line":145,"column":59}},"71":{"start":{"line":146,"column":15},"end":{"line":149,"column":4}},"72":{"start":{"line":151,"column":2},"end":{"line":153,"column":3}},"73":{"start":{"line":152,"column":3},"end":{"line":152,"column":33}},"74":{"start":{"line":155,"column":2},"end":{"line":155,"column":27}},"75":{"start":{"line":156,"column":2},"end":{"line":156,"column":19}},"76":{"start":{"line":158,"column":2},"end":{"line":158,"column":20}},"77":{"start":{"line":160,"column":2},"end":{"line":160,"column":42}},"78":{"start":{"line":162,"column":2},"end":{"line":162,"column":38}},"79":{"start":{"line":167,"column":0},"end":{"line":193,"column":3}},"80":{"start":{"line":168,"column":1},"end":{"line":192,"column":2}},"81":{"start":{"line":169,"column":21},"end":{"line":169,"column":26}},"82":{"start":{"line":170,"column":29},"end":{"line":170,"column":39}},"83":{"start":{"line":171,"column":19},"end":{"line":171,"column":61}},"84":{"start":{"line":172,"column":19},"end":{"line":172,"column":61}},"85":{"start":{"line":173,"column":16},"end":{"line":175,"column":4}},"86":{"start":{"line":177,"column":16},"end":{"line":179,"column":4}},"87":{"start":{"line":181,"column":2},"end":{"line":183,"column":3}},"88":{"start":{"line":182,"column":3},"end":{"line":182,"column":33}},"89":{"start":{"line":185,"column":2},"end":{"line":187,"column":3}},"90":{"start":{"line":186,"column":3},"end":{"line":186,"column":23}},"91":{"start":{"line":189,"column":2},"end":{"line":189,"column":41}},"92":{"start":{"line":191,"column":2},"end":{"line":191,"column":25}},"93":{"start":{"line":196,"column":0},"end":{"line":209,"column":3}},"94":{"start":{"line":197,"column":1},"end":{"line":208,"column":2}},"95":{"start":{"line":198,"column":15},"end":{"line":201,"column":3}},"96":{"start":{"line":203,"column":16},"end":{"line":203,"column":46}},"97":{"start":{"line":204,"column":27},"end":{"line":204,"column":31}},"98":{"start":{"line":205,"column":2},"end":{"line":205,"column":58}},"99":{"start":{"line":207,"column":2},"end":{"line":207,"column":38}},"100":{"start":{"line":212,"column":0},"end":{"line":222,"column":3}},"101":{"start":{"line":213,"column":1},"end":{"line":221,"column":2}},"102":{"start":{"line":214,"column":2},"end":{"line":216,"column":5}},"103":{"start":{"line":215,"column":3},"end":{"line":215,"column":36}},"104":{"start":{"line":217,"column":2},"end":{"line":217,"column":24}},"105":{"start":{"line":218,"column":2},"end":{"line":218,"column":42}},"106":{"start":{"line":220,"column":2},"end":{"line":220,"column":25}},"107":{"start":{"line":225,"column":0},"end":{"line":240,"column":3}},"108":{"start":{"line":226,"column":1},"end":{"line":239,"column":2}},"109":{"start":{"line":227,"column":20},"end":{"line":227,"column":30}},"110":{"start":{"line":228,"column":18},"end":{"line":228,"column":59}},"111":{"start":{"line":229,"column":15},"end":{"line":232,"column":4}},"112":{"start":{"line":234,"column":2},"end":{"line":234,"column":19}},"113":{"start":{"line":235,"column":2},"end":{"line":235,"column":20}},"114":{"start":{"line":236,"column":2},"end":{"line":236,"column":42}},"115":{"start":{"line":238,"column":2},"end":{"line":238,"column":25}},"116":{"start":{"line":243,"column":0},"end":{"line":268,"column":3}},"117":{"start":{"line":244,"column":25},"end":{"line":244,"column":71}},"118":{"start":{"line":245,"column":1},"end":{"line":247,"column":2}},"119":{"start":{"line":246,"column":2},"end":{"line":246,"column":69}},"120":{"start":{"line":248,"column":1},"end":{"line":248,"column":33}},"121":{"start":{"line":249,"column":17},"end":{"line":249,"column":38}},"122":{"start":{"line":251,"column":24},"end":{"line":251,"column":44}},"123":{"start":{"line":252,"column":26},"end":{"line":254,"column":2}},"124":{"start":{"line":253,"column":2},"end":{"line":253,"column":33}},"125":{"start":{"line":256,"column":1},"end":{"line":258,"column":2}},"126":{"start":{"line":257,"column":2},"end":{"line":257,"column":61}},"127":{"start":{"line":260,"column":1},"end":{"line":267,"column":2}},"128":{"start":{"line":261,"column":2},"end":{"line":261,"column":67}},"129":{"start":{"line":261,"column":29},"end":{"line":261,"column":64}},"130":{"start":{"line":262,"column":2},"end":{"line":262,"column":24}},"131":{"start":{"line":264,"column":2},"end":{"line":264,"column":54}},"132":{"start":{"line":266,"column":2},"end":{"line":266,"column":30}},"133":{"start":{"line":271,"column":15},"end":{"line":281,"column":2}},"134":{"start":{"line":276,"column":2},"end":{"line":278,"column":3}},"135":{"start":{"line":277,"column":3},"end":{"line":277,"column":67}},"136":{"start":{"line":279,"column":2},"end":{"line":279,"column":28}},"137":{"start":{"line":284,"column":0},"end":{"line":302,"column":2}},"138":{"start":{"line":289,"column":17},"end":{"line":292,"column":14}},"139":{"start":{"line":293,"column":2},"end":{"line":293,"column":73}},"140":{"start":{"line":295,"column":2},"end":{"line":295,"column":24}},"141":{"start":{"line":297,"column":2},"end":{"line":297,"column":28}},"142":{"start":{"line":300,"column":2},"end":{"line":300,"column":38}},"143":{"start":{"line":304,"column":0},"end":{"line":304,"column":24}}},"fnMap":{"0":{"name":"(anonymous_0)","decl":{"start":{"line":18,"column":41},"end":{"line":18,"column":42}},"loc":{"start":{"line":18,"column":61},"end":{"line":35,"column":1}},"line":18},"1":{"name":"(anonymous_1)","decl":{"start":{"line":38,"column":27},"end":{"line":38,"column":28}},"loc":{"start":{"line":38,"column":47},"end":{"line":62,"column":1}},"line":38},"2":{"name":"(anonymous_2)","decl":{"start":{"line":65,"column":46},"end":{"line":65,"column":47}},"loc":{"start":{"line":65,"column":66},"end":{"line":85,"column":1}},"line":65},"3":{"name":"(anonymous_3)","decl":{"start":{"line":88,"column":34},"end":{"line":88,"column":35}},"loc":{"start":{"line":88,"column":54},"end":{"line":109,"column":1}},"line":88},"4":{"name":"(anonymous_4)","decl":{"start":{"line":112,"column":57},"end":{"line":112,"column":58}},"loc":{"start":{"line":112,"column":77},"end":{"line":139,"column":1}},"line":112},"5":{"name":"(anonymous_5)","decl":{"start":{"line":142,"column":46},"end":{"line":142,"column":47}},"loc":{"start":{"line":142,"column":66},"end":{"line":164,"column":1}},"line":142},"6":{"name":"(anonymous_6)","decl":{"start":{"line":167,"column":37},"end":{"line":167,"column":38}},"loc":{"start":{"line":167,"column":57},"end":{"line":193,"column":1}},"line":167},"7":{"name":"(anonymous_7)","decl":{"start":{"line":196,"column":40},"end":{"line":196,"column":41}},"loc":{"start":{"line":196,"column":60},"end":{"line":209,"column":1}},"line":196},"8":{"name":"(anonymous_8)","decl":{"start":{"line":212,"column":35},"end":{"line":212,"column":36}},"loc":{"start":{"line":212,"column":55},"end":{"line":222,"column":1}},"line":212},"9":{"name":"(anonymous_9)","decl":{"start":{"line":214,"column":43},"end":{"line":214,"column":44}},"loc":{"start":{"line":214,"column":52},"end":{"line":216,"column":3}},"line":214},"10":{"name":"(anonymous_10)","decl":{"start":{"line":225,"column":39},"end":{"line":225,"column":40}},"loc":{"start":{"line":225,"column":59},"end":{"line":240,"column":1}},"line":225},"11":{"name":"(anonymous_11)","decl":{"start":{"line":243,"column":44},"end":{"line":243,"column":45}},"loc":{"start":{"line":243,"column":64},"end":{"line":268,"column":1}},"line":243},"12":{"name":"(anonymous_12)","decl":{"start":{"line":252,"column":40},"end":{"line":252,"column":41}},"loc":{"start":{"line":253,"column":2},"end":{"line":253,"column":33}},"line":253},"13":{"name":"(anonymous_13)","decl":{"start":{"line":261,"column":18},"end":{"line":261,"column":19}},"loc":{"start":{"line":261,"column":29},"end":{"line":261,"column":64}},"line":261},"14":{"name":"(anonymous_14)","decl":{"start":{"line":275,"column":1},"end":{"line":275,"column":2}},"loc":{"start":{"line":275,"column":33},"end":{"line":280,"column":2}},"line":275},"15":{"name":"(anonymous_15)","decl":{"start":{"line":288,"column":1},"end":{"line":288,"column":2}},"loc":{"start":{"line":288,"column":21},"end":{"line":298,"column":2}},"line":288},"16":{"name":"(anonymous_16)","decl":{"start":{"line":299,"column":1},"end":{"line":299,"column":2}},"loc":{"start":{"line":299,"column":28},"end":{"line":301,"column":2}},"line":299}},"branchMap":{"0":{"loc":{"start":{"line":22,"column":2},"end":{"line":24,"column":3}},"type":"if","locations":[{"start":{"line":22,"column":2},"end":{"line":24,"column":3}},{"start":{"line":22,"column":2},"end":{"line":24,"column":3}}],"line":22},"1":{"loc":{"start":{"line":48,"column":2},"end":{"line":50,"column":3}},"type":"if","locations":[{"start":{"line":48,"column":2},"end":{"line":50,"column":3}},{"start":{"line":48,"column":2},"end":{"line":50,"column":3}}],"line":48},"2":{"loc":{"start":{"line":52,"column":2},"end":{"line":56,"column":3}},"type":"if","locations":[{"start":{"line":52,"column":2},"end":{"line":56,"column":3}},{"start":{"line":52,"column":2},"end":{"line":56,"column":3}}],"line":52},"3":{"loc":{"start":{"line":74,"column":2},"end":{"line":76,"column":3}},"type":"if","locations":[{"start":{"line":74,"column":2},"end":{"line":76,"column":3}},{"start":{"line":74,"column":2},"end":{"line":76,"column":3}}],"line":74},"4":{"loc":{"start":{"line":97,"column":2},"end":{"line":99,"column":3}},"type":"if","locations":[{"start":{"line":97,"column":2},"end":{"line":99,"column":3}},{"start":{"line":97,"column":2},"end":{"line":99,"column":3}}],"line":97},"5":{"loc":{"start":{"line":118,"column":2},"end":{"line":120,"column":3}},"type":"if","locations":[{"start":{"line":118,"column":2},"end":{"line":120,"column":3}},{"start":{"line":118,"column":2},"end":{"line":120,"column":3}}],"line":118},"6":{"loc":{"start":{"line":123,"column":2},"end":{"line":125,"column":3}},"type":"if","locations":[{"start":{"line":123,"column":2},"end":{"line":125,"column":3}},{"start":{"line":123,"column":2},"end":{"line":125,"column":3}}],"line":123},"7":{"loc":{"start":{"line":151,"column":2},"end":{"line":153,"column":3}},"type":"if","locations":[{"start":{"line":151,"column":2},"end":{"line":153,"column":3}},{"start":{"line":151,"column":2},"end":{"line":153,"column":3}}],"line":151},"8":{"loc":{"start":{"line":181,"column":2},"end":{"line":183,"column":3}},"type":"if","locations":[{"start":{"line":181,"column":2},"end":{"line":183,"column":3}},{"start":{"line":181,"column":2},"end":{"line":183,"column":3}}],"line":181},"9":{"loc":{"start":{"line":181,"column":6},"end":{"line":181,"column":22}},"type":"binary-expr","locations":[{"start":{"line":181,"column":6},"end":{"line":181,"column":12}},{"start":{"line":181,"column":16},"end":{"line":181,"column":22}}],"line":181},"10":{"loc":{"start":{"line":185,"column":2},"end":{"line":187,"column":3}},"type":"if","locations":[{"start":{"line":185,"column":2},"end":{"line":187,"column":3}},{"start":{"line":185,"column":2},"end":{"line":187,"column":3}}],"line":185},"11":{"loc":{"start":{"line":245,"column":1},"end":{"line":247,"column":2}},"type":"if","locations":[{"start":{"line":245,"column":1},"end":{"line":247,"column":2}},{"start":{"line":245,"column":1},"end":{"line":247,"column":2}}],"line":245},"12":{"loc":{"start":{"line":256,"column":1},"end":{"line":258,"column":2}},"type":"if","locations":[{"start":{"line":256,"column":1},"end":{"line":258,"column":2}},{"start":{"line":256,"column":1},"end":{"line":258,"column":2}}],"line":256},"13":{"loc":{"start":{"line":276,"column":2},"end":{"line":278,"column":3}},"type":"if","locations":[{"start":{"line":276,"column":2},"end":{"line":278,"column":3}},{"start":{"line":276,"column":2},"end":{"line":278,"column":3}}],"line":276}},"s":{"0":4,"1":4,"2":4,"3":4,"4":4,"5":4,"6":4,"7":4,"8":4,"9":4,"10":4,"11":4,"12":3,"13":3,"14":3,"15":3,"16":1,"17":2,"18":1,"19":1,"20":2,"21":4,"22":1,"23":1,"24":1,"25":1,"26":1,"27":0,"28":1,"29":0,"30":0,"31":0,"32":1,"33":0,"34":4,"35":1,"36":1,"37":1,"38":1,"39":1,"40":0,"41":1,"42":1,"43":0,"44":4,"45":1,"46":1,"47":1,"48":1,"49":1,"50":0,"51":1,"52":1,"53":1,"54":1,"55":0,"56":4,"57":2,"58":2,"59":2,"60":0,"61":2,"62":2,"63":1,"64":1,"65":1,"66":1,"67":4,"68":2,"69":2,"70":2,"71":2,"72":2,"73":1,"74":1,"75":1,"76":1,"77":1,"78":0,"79":4,"80":3,"81":3,"82":3,"83":3,"84":2,"85":2,"86":2,"87":2,"88":0,"89":2,"90":1,"91":2,"92":1,"93":4,"94":4,"95":4,"96":2,"97":2,"98":2,"99":2,"100":4,"101":1,"102":1,"103":1,"104":1,"105":1,"106":0,"107":4,"108":1,"109":1,"110":1,"111":1,"112":1,"113":1,"114":1,"115":0,"116":4,"117":1,"118":1,"119":0,"120":1,"121":1,"122":1,"123":1,"124":1,"125":1,"126":0,"127":1,"128":1,"129":1,"130":1,"131":1,"132":0,"133":4,"134":0,"135":0,"136":0,"137":4,"138":0,"139":0,"140":0,"141":0,"142":0,"143":4},"f":{"0":3,"1":1,"2":1,"3":1,"4":2,"5":2,"6":3,"7":4,"8":1,"9":1,"10":1,"11":1,"12":1,"13":1,"14":0,"15":0,"16":0},"b":{"0":[1,2],"1":[0,1],"2":[0,1],"3":[0,1],"4":[0,1],"5":[0,2],"6":[1,1],"7":[1,1],"8":[0,2],"9":[2,2],"10":[1,1],"11":[0,1],"12":[0,1],"13":[0,0]},"_coverageSchema":"43e27e138ebf9cfc5966b082cf9a028302ed4184","hash":"e96583f731c4bc8e0ec36cb30a673fe9c9f3cc5a"}
,"E:\\SU\\Semester-2-WS-19-20\\SE\\MEJBAH_PROJECT\\Backend\\src\\routers\\userworkflowcontrol.js": {"path":"E:\\SU\\Semester-2-WS-19-20\\SE\\MEJBAH_PROJECT\\Backend\\src\\routers\\userworkflowcontrol.js","statementMap":{"0":{"start":{"line":1,"column":16},"end":{"line":1,"column":34}},"1":{"start":{"line":2,"column":15},"end":{"line":2,"column":35}},"2":{"start":{"line":3,"column":13},"end":{"line":3,"column":42}},"3":{"start":{"line":4,"column":13},"end":{"line":4,"column":38}},"4":{"start":{"line":5,"column":17},"end":{"line":5,"column":46}},"5":{"start":{"line":6,"column":25},"end":{"line":6,"column":62}},"6":{"start":{"line":7,"column":21},"end":{"line":7,"column":54}},"7":{"start":{"line":8,"column":23},"end":{"line":8,"column":50}},"8":{"start":{"line":9,"column":15},"end":{"line":9,"column":32}},"9":{"start":{"line":10,"column":25},"end":{"line":10,"column":62}},"10":{"start":{"line":13,"column":0},"end":{"line":74,"column":2}},"11":{"start":{"line":17,"column":2},"end":{"line":72,"column":3}},"12":{"start":{"line":18,"column":16},"end":{"line":18,"column":49}},"13":{"start":{"line":21,"column":3},"end":{"line":23,"column":4}},"14":{"start":{"line":22,"column":4},"end":{"line":22,"column":34}},"15":{"start":{"line":26,"column":28},"end":{"line":65,"column":6}},"16":{"start":{"line":28,"column":5},"end":{"line":31,"column":8}},"17":{"start":{"line":34,"column":24},"end":{"line":36,"column":7}},"18":{"start":{"line":39,"column":19},"end":{"line":41,"column":7}},"19":{"start":{"line":43,"column":27},"end":{"line":43,"column":28}},"20":{"start":{"line":45,"column":5},"end":{"line":49,"column":8}},"21":{"start":{"line":46,"column":6},"end":{"line":48,"column":7}},"22":{"start":{"line":47,"column":7},"end":{"line":47,"column":25}},"23":{"start":{"line":51,"column":5},"end":{"line":53,"column":7}},"24":{"start":{"line":55,"column":5},"end":{"line":57,"column":6}},"25":{"start":{"line":56,"column":6},"end":{"line":56,"column":21}},"26":{"start":{"line":59,"column":5},"end":{"line":64,"column":7}},"27":{"start":{"line":67,"column":3},"end":{"line":69,"column":5}},"28":{"start":{"line":68,"column":4},"end":{"line":68,"column":43}},"29":{"start":{"line":71,"column":3},"end":{"line":71,"column":26}},"30":{"start":{"line":77,"column":0},"end":{"line":106,"column":3}},"31":{"start":{"line":78,"column":1},"end":{"line":105,"column":2}},"32":{"start":{"line":79,"column":2},"end":{"line":102,"column":6}},"33":{"start":{"line":85,"column":4},"end":{"line":85,"column":50}},"34":{"start":{"line":85,"column":15},"end":{"line":85,"column":50}},"35":{"start":{"line":86,"column":4},"end":{"line":86,"column":50}},"36":{"start":{"line":86,"column":20},"end":{"line":86,"column":50}},"37":{"start":{"line":87,"column":32},"end":{"line":100,"column":7}},"38":{"start":{"line":91,"column":5},"end":{"line":97,"column":8}},"39":{"start":{"line":98,"column":5},"end":{"line":98,"column":16}},"40":{"start":{"line":101,"column":4},"end":{"line":101,"column":48}},"41":{"start":{"line":104,"column":2},"end":{"line":104,"column":25}},"42":{"start":{"line":109,"column":0},"end":{"line":126,"column":3}},"43":{"start":{"line":110,"column":17},"end":{"line":110,"column":27}},"44":{"start":{"line":111,"column":1},"end":{"line":125,"column":2}},"45":{"start":{"line":112,"column":13},"end":{"line":115,"column":4}},"46":{"start":{"line":116,"column":16},"end":{"line":116,"column":67}},"47":{"start":{"line":118,"column":2},"end":{"line":120,"column":3}},"48":{"start":{"line":119,"column":3},"end":{"line":119,"column":33}},"49":{"start":{"line":121,"column":2},"end":{"line":121,"column":57}},"50":{"start":{"line":122,"column":2},"end":{"line":122,"column":18}},"51":{"start":{"line":124,"column":2},"end":{"line":124,"column":25}},"52":{"start":{"line":129,"column":0},"end":{"line":168,"column":2}},"53":{"start":{"line":133,"column":25},"end":{"line":133,"column":35}},"54":{"start":{"line":134,"column":2},"end":{"line":166,"column":3}},"55":{"start":{"line":135,"column":14},"end":{"line":138,"column":5}},"56":{"start":{"line":139,"column":16},"end":{"line":139,"column":58}},"57":{"start":{"line":141,"column":3},"end":{"line":143,"column":4}},"58":{"start":{"line":142,"column":4},"end":{"line":142,"column":34}},"59":{"start":{"line":145,"column":3},"end":{"line":151,"column":4}},"60":{"start":{"line":150,"column":4},"end":{"line":150,"column":68}},"61":{"start":{"line":153,"column":3},"end":{"line":153,"column":64}},"62":{"start":{"line":154,"column":3},"end":{"line":154,"column":40}},"63":{"start":{"line":156,"column":3},"end":{"line":156,"column":28}},"64":{"start":{"line":158,"column":3},"end":{"line":160,"column":37}},"65":{"start":{"line":162,"column":3},"end":{"line":162,"column":21}},"66":{"start":{"line":163,"column":3},"end":{"line":163,"column":30}},"67":{"start":{"line":165,"column":3},"end":{"line":165,"column":26}},"68":{"start":{"line":171,"column":0},"end":{"line":262,"column":2}},"69":{"start":{"line":175,"column":25},"end":{"line":175,"column":35}},"70":{"start":{"line":176,"column":2},"end":{"line":260,"column":3}},"71":{"start":{"line":177,"column":14},"end":{"line":180,"column":5}},"72":{"start":{"line":181,"column":16},"end":{"line":181,"column":58}},"73":{"start":{"line":183,"column":3},"end":{"line":185,"column":4}},"74":{"start":{"line":184,"column":4},"end":{"line":184,"column":34}},"75":{"start":{"line":187,"column":3},"end":{"line":193,"column":4}},"76":{"start":{"line":192,"column":4},"end":{"line":192,"column":68}},"77":{"start":{"line":205,"column":3},"end":{"line":205,"column":38}},"78":{"start":{"line":206,"column":3},"end":{"line":206,"column":62}},"79":{"start":{"line":208,"column":3},"end":{"line":208,"column":21}},"80":{"start":{"line":209,"column":22},"end":{"line":209,"column":68}},"81":{"start":{"line":211,"column":17},"end":{"line":214,"column":5}},"82":{"start":{"line":216,"column":3},"end":{"line":218,"column":4}},"83":{"start":{"line":216,"column":27},"end":{"line":216,"column":63}},"84":{"start":{"line":217,"column":4},"end":{"line":217,"column":33}},"85":{"start":{"line":220,"column":3},"end":{"line":220,"column":27}},"86":{"start":{"line":222,"column":22},"end":{"line":224,"column":5}},"87":{"start":{"line":227,"column":29},"end":{"line":229,"column":5}},"88":{"start":{"line":230,"column":3},"end":{"line":255,"column":4}},"89":{"start":{"line":232,"column":13},"end":{"line":232,"column":49}},"90":{"start":{"line":235,"column":4},"end":{"line":235,"column":32}},"91":{"start":{"line":236,"column":4},"end":{"line":236,"column":28}},"92":{"start":{"line":237,"column":29},"end":{"line":239,"column":5}},"93":{"start":{"line":238,"column":16},"end":{"line":238,"column":63}},"94":{"start":{"line":242,"column":5},"end":{"line":242,"column":57}},"95":{"start":{"line":243,"column":20},"end":{"line":243,"column":64}},"96":{"start":{"line":245,"column":4},"end":{"line":252,"column":7}},"97":{"start":{"line":246,"column":5},"end":{"line":251,"column":6}},"98":{"start":{"line":250,"column":6},"end":{"line":250,"column":48}},"99":{"start":{"line":254,"column":4},"end":{"line":254,"column":25}},"100":{"start":{"line":257,"column":3},"end":{"line":257,"column":43}},"101":{"start":{"line":259,"column":3},"end":{"line":259,"column":26}},"102":{"start":{"line":265,"column":0},"end":{"line":288,"column":2}},"103":{"start":{"line":269,"column":25},"end":{"line":269,"column":35}},"104":{"start":{"line":270,"column":2},"end":{"line":286,"column":3}},"105":{"start":{"line":271,"column":14},"end":{"line":274,"column":5}},"106":{"start":{"line":275,"column":16},"end":{"line":275,"column":58}},"107":{"start":{"line":277,"column":3},"end":{"line":279,"column":4}},"108":{"start":{"line":278,"column":4},"end":{"line":278,"column":34}},"109":{"start":{"line":281,"column":3},"end":{"line":281,"column":50}},"110":{"start":{"line":282,"column":3},"end":{"line":282,"column":21}},"111":{"start":{"line":283,"column":3},"end":{"line":283,"column":43}},"112":{"start":{"line":285,"column":3},"end":{"line":285,"column":26}},"113":{"start":{"line":291,"column":0},"end":{"line":315,"column":3}},"114":{"start":{"line":292,"column":1},"end":{"line":314,"column":2}},"115":{"start":{"line":293,"column":28},"end":{"line":295,"column":4}},"116":{"start":{"line":296,"column":30},"end":{"line":298,"column":4}},"117":{"start":{"line":300,"column":23},"end":{"line":303,"column":8}},"118":{"start":{"line":301,"column":3},"end":{"line":301,"column":63}},"119":{"start":{"line":302,"column":3},"end":{"line":302,"column":14}},"120":{"start":{"line":305,"column":25},"end":{"line":308,"column":8}},"121":{"start":{"line":306,"column":3},"end":{"line":306,"column":65}},"122":{"start":{"line":307,"column":3},"end":{"line":307,"column":14}},"123":{"start":{"line":310,"column":2},"end":{"line":310,"column":52}},"124":{"start":{"line":311,"column":2},"end":{"line":311,"column":32}},"125":{"start":{"line":313,"column":2},"end":{"line":313,"column":25}},"126":{"start":{"line":317,"column":0},"end":{"line":317,"column":24}}},"fnMap":{"0":{"name":"(anonymous_0)","decl":{"start":{"line":16,"column":1},"end":{"line":16,"column":2}},"loc":{"start":{"line":16,"column":21},"end":{"line":73,"column":2}},"line":16},"1":{"name":"(anonymous_1)","decl":{"start":{"line":27,"column":12},"end":{"line":27,"column":13}},"loc":{"start":{"line":27,"column":30},"end":{"line":32,"column":5}},"line":27},"2":{"name":"(anonymous_2)","decl":{"start":{"line":33,"column":9},"end":{"line":33,"column":10}},"loc":{"start":{"line":33,"column":22},"end":{"line":65,"column":5}},"line":33},"3":{"name":"(anonymous_3)","decl":{"start":{"line":45,"column":19},"end":{"line":45,"column":20}},"loc":{"start":{"line":45,"column":27},"end":{"line":49,"column":6}},"line":45},"4":{"name":"(anonymous_4)","decl":{"start":{"line":67,"column":38},"end":{"line":67,"column":39}},"loc":{"start":{"line":68,"column":4},"end":{"line":68,"column":43}},"line":68},"5":{"name":"(anonymous_5)","decl":{"start":{"line":77,"column":51},"end":{"line":77,"column":52}},"loc":{"start":{"line":77,"column":71},"end":{"line":106,"column":1}},"line":77},"6":{"name":"(anonymous_6)","decl":{"start":{"line":84,"column":9},"end":{"line":84,"column":10}},"loc":{"start":{"line":84,"column":36},"end":{"line":102,"column":4}},"line":84},"7":{"name":"(anonymous_7)","decl":{"start":{"line":87,"column":49},"end":{"line":87,"column":50}},"loc":{"start":{"line":90,"column":6},"end":{"line":99,"column":5}},"line":90},"8":{"name":"(anonymous_8)","decl":{"start":{"line":109,"column":55},"end":{"line":109,"column":56}},"loc":{"start":{"line":109,"column":75},"end":{"line":126,"column":1}},"line":109},"9":{"name":"(anonymous_9)","decl":{"start":{"line":132,"column":1},"end":{"line":132,"column":2}},"loc":{"start":{"line":132,"column":21},"end":{"line":167,"column":2}},"line":132},"10":{"name":"(anonymous_10)","decl":{"start":{"line":174,"column":1},"end":{"line":174,"column":2}},"loc":{"start":{"line":174,"column":21},"end":{"line":261,"column":2}},"line":174},"11":{"name":"(anonymous_11)","decl":{"start":{"line":216,"column":19},"end":{"line":216,"column":20}},"loc":{"start":{"line":216,"column":27},"end":{"line":216,"column":63}},"line":216},"12":{"name":"(anonymous_12)","decl":{"start":{"line":232,"column":5},"end":{"line":232,"column":6}},"loc":{"start":{"line":232,"column":13},"end":{"line":232,"column":49}},"line":232},"13":{"name":"(anonymous_13)","decl":{"start":{"line":238,"column":5},"end":{"line":238,"column":6}},"loc":{"start":{"line":238,"column":16},"end":{"line":238,"column":63}},"line":238},"14":{"name":"(anonymous_14)","decl":{"start":{"line":245,"column":30},"end":{"line":245,"column":31}},"loc":{"start":{"line":245,"column":51},"end":{"line":252,"column":5}},"line":245},"15":{"name":"(anonymous_15)","decl":{"start":{"line":268,"column":1},"end":{"line":268,"column":2}},"loc":{"start":{"line":268,"column":21},"end":{"line":287,"column":2}},"line":268},"16":{"name":"(anonymous_16)","decl":{"start":{"line":291,"column":41},"end":{"line":291,"column":42}},"loc":{"start":{"line":291,"column":61},"end":{"line":315,"column":1}},"line":291},"17":{"name":"(anonymous_17)","decl":{"start":{"line":300,"column":48},"end":{"line":300,"column":49}},"loc":{"start":{"line":300,"column":67},"end":{"line":303,"column":3}},"line":300},"18":{"name":"(anonymous_18)","decl":{"start":{"line":305,"column":52},"end":{"line":305,"column":53}},"loc":{"start":{"line":305,"column":71},"end":{"line":308,"column":3}},"line":305}},"branchMap":{"0":{"loc":{"start":{"line":21,"column":3},"end":{"line":23,"column":4}},"type":"if","locations":[{"start":{"line":21,"column":3},"end":{"line":23,"column":4}},{"start":{"line":21,"column":3},"end":{"line":23,"column":4}}],"line":21},"1":{"loc":{"start":{"line":46,"column":6},"end":{"line":48,"column":7}},"type":"if","locations":[{"start":{"line":46,"column":6},"end":{"line":48,"column":7}},{"start":{"line":46,"column":6},"end":{"line":48,"column":7}}],"line":46},"2":{"loc":{"start":{"line":55,"column":5},"end":{"line":57,"column":6}},"type":"if","locations":[{"start":{"line":55,"column":5},"end":{"line":57,"column":6}},{"start":{"line":55,"column":5},"end":{"line":57,"column":6}}],"line":55},"3":{"loc":{"start":{"line":85,"column":4},"end":{"line":85,"column":50}},"type":"if","locations":[{"start":{"line":85,"column":4},"end":{"line":85,"column":50}},{"start":{"line":85,"column":4},"end":{"line":85,"column":50}}],"line":85},"4":{"loc":{"start":{"line":86,"column":4},"end":{"line":86,"column":50}},"type":"if","locations":[{"start":{"line":86,"column":4},"end":{"line":86,"column":50}},{"start":{"line":86,"column":4},"end":{"line":86,"column":50}}],"line":86},"5":{"loc":{"start":{"line":118,"column":2},"end":{"line":120,"column":3}},"type":"if","locations":[{"start":{"line":118,"column":2},"end":{"line":120,"column":3}},{"start":{"line":118,"column":2},"end":{"line":120,"column":3}}],"line":118},"6":{"loc":{"start":{"line":118,"column":6},"end":{"line":118,"column":19}},"type":"binary-expr","locations":[{"start":{"line":118,"column":6},"end":{"line":118,"column":12}},{"start":{"line":118,"column":16},"end":{"line":118,"column":19}}],"line":118},"7":{"loc":{"start":{"line":141,"column":3},"end":{"line":143,"column":4}},"type":"if","locations":[{"start":{"line":141,"column":3},"end":{"line":143,"column":4}},{"start":{"line":141,"column":3},"end":{"line":143,"column":4}}],"line":141},"8":{"loc":{"start":{"line":141,"column":7},"end":{"line":141,"column":19}},"type":"binary-expr","locations":[{"start":{"line":141,"column":7},"end":{"line":141,"column":12}},{"start":{"line":141,"column":16},"end":{"line":141,"column":19}}],"line":141},"9":{"loc":{"start":{"line":145,"column":3},"end":{"line":151,"column":4}},"type":"if","locations":[{"start":{"line":145,"column":3},"end":{"line":151,"column":4}},{"start":{"line":145,"column":3},"end":{"line":151,"column":4}}],"line":145},"10":{"loc":{"start":{"line":146,"column":4},"end":{"line":148,"column":16}},"type":"binary-expr","locations":[{"start":{"line":146,"column":4},"end":{"line":146,"column":39}},{"start":{"line":147,"column":4},"end":{"line":147,"column":45}},{"start":{"line":148,"column":4},"end":{"line":148,"column":16}}],"line":146},"11":{"loc":{"start":{"line":183,"column":3},"end":{"line":185,"column":4}},"type":"if","locations":[{"start":{"line":183,"column":3},"end":{"line":185,"column":4}},{"start":{"line":183,"column":3},"end":{"line":185,"column":4}}],"line":183},"12":{"loc":{"start":{"line":183,"column":7},"end":{"line":183,"column":19}},"type":"binary-expr","locations":[{"start":{"line":183,"column":7},"end":{"line":183,"column":12}},{"start":{"line":183,"column":16},"end":{"line":183,"column":19}}],"line":183},"13":{"loc":{"start":{"line":187,"column":3},"end":{"line":193,"column":4}},"type":"if","locations":[{"start":{"line":187,"column":3},"end":{"line":193,"column":4}},{"start":{"line":187,"column":3},"end":{"line":193,"column":4}}],"line":187},"14":{"loc":{"start":{"line":188,"column":4},"end":{"line":190,"column":16}},"type":"binary-expr","locations":[{"start":{"line":188,"column":4},"end":{"line":188,"column":39}},{"start":{"line":189,"column":4},"end":{"line":189,"column":45}},{"start":{"line":190,"column":4},"end":{"line":190,"column":16}}],"line":188},"15":{"loc":{"start":{"line":216,"column":3},"end":{"line":218,"column":4}},"type":"if","locations":[{"start":{"line":216,"column":3},"end":{"line":218,"column":4}},{"start":{"line":216,"column":3},"end":{"line":218,"column":4}}],"line":216},"16":{"loc":{"start":{"line":230,"column":3},"end":{"line":255,"column":4}},"type":"if","locations":[{"start":{"line":230,"column":3},"end":{"line":255,"column":4}},{"start":{"line":230,"column":3},"end":{"line":255,"column":4}}],"line":230},"17":{"loc":{"start":{"line":246,"column":5},"end":{"line":251,"column":6}},"type":"if","locations":[{"start":{"line":246,"column":5},"end":{"line":251,"column":6}},{"start":{"line":246,"column":5},"end":{"line":251,"column":6}}],"line":246},"18":{"loc":{"start":{"line":247,"column":6},"end":{"line":248,"column":34}},"type":"binary-expr","locations":[{"start":{"line":247,"column":6},"end":{"line":247,"column":44}},{"start":{"line":248,"column":6},"end":{"line":248,"column":34}}],"line":247},"19":{"loc":{"start":{"line":277,"column":3},"end":{"line":279,"column":4}},"type":"if","locations":[{"start":{"line":277,"column":3},"end":{"line":279,"column":4}},{"start":{"line":277,"column":3},"end":{"line":279,"column":4}}],"line":277},"20":{"loc":{"start":{"line":277,"column":7},"end":{"line":277,"column":59}},"type":"binary-expr","locations":[{"start":{"line":277,"column":7},"end":{"line":277,"column":12}},{"start":{"line":277,"column":16},"end":{"line":277,"column":19}},{"start":{"line":277,"column":23},"end":{"line":277,"column":59}}],"line":277}},"s":{"0":4,"1":4,"2":4,"3":4,"4":4,"5":4,"6":4,"7":4,"8":4,"9":4,"10":4,"11":2,"12":2,"13":2,"14":1,"15":1,"16":2,"17":2,"18":2,"19":2,"20":2,"21":3,"22":0,"23":2,"24":2,"25":0,"26":2,"27":1,"28":1,"29":0,"30":4,"31":2,"32":2,"33":2,"34":0,"35":2,"36":0,"37":2,"38":5,"39":5,"40":2,"41":0,"42":4,"43":8,"44":8,"45":8,"46":8,"47":8,"48":0,"49":8,"50":8,"51":0,"52":4,"53":7,"54":7,"55":7,"56":7,"57":7,"58":0,"59":7,"60":1,"61":6,"62":6,"63":6,"64":6,"65":6,"66":6,"67":0,"68":4,"69":2,"70":2,"71":2,"72":2,"73":2,"74":0,"75":2,"76":1,"77":1,"78":1,"79":1,"80":1,"81":1,"82":1,"83":1,"84":1,"85":1,"86":1,"87":1,"88":1,"89":1,"90":0,"91":0,"92":0,"93":0,"94":0,"95":0,"96":0,"97":0,"98":0,"99":0,"100":1,"101":0,"102":4,"103":1,"104":1,"105":1,"106":1,"107":1,"108":0,"109":1,"110":1,"111":1,"112":0,"113":4,"114":1,"115":1,"116":1,"117":1,"118":1,"119":1,"120":1,"121":1,"122":1,"123":1,"124":1,"125":0,"126":4},"f":{"0":2,"1":2,"2":2,"3":3,"4":1,"5":2,"6":2,"7":5,"8":8,"9":7,"10":2,"11":1,"12":1,"13":0,"14":0,"15":1,"16":1,"17":1,"18":1},"b":{"0":[1,1],"1":[0,3],"2":[0,2],"3":[0,2],"4":[0,2],"5":[0,8],"6":[8,8],"7":[0,7],"8":[7,7],"9":[1,6],"10":[7,6,6],"11":[0,2],"12":[2,2],"13":[1,1],"14":[2,1,1],"15":[1,0],"16":[0,1],"17":[0,0],"18":[0,0],"19":[0,1],"20":[1,1,1]},"_coverageSchema":"43e27e138ebf9cfc5966b082cf9a028302ed4184","hash":"f5653d6ac1c165317045b09bf0637463f0c66cf5"}
,"E:\\SU\\Semester-2-WS-19-20\\SE\\MEJBAH_PROJECT\\Backend\\src\\routers\\workflow.js": {"path":"E:\\SU\\Semester-2-WS-19-20\\SE\\MEJBAH_PROJECT\\Backend\\src\\routers\\workflow.js","statementMap":{"0":{"start":{"line":1,"column":16},"end":{"line":1,"column":34}},"1":{"start":{"line":2,"column":15},"end":{"line":2,"column":35}},"2":{"start":{"line":3,"column":17},"end":{"line":3,"column":36}},"3":{"start":{"line":4,"column":13},"end":{"line":4,"column":42}},"4":{"start":{"line":5,"column":19},"end":{"line":5,"column":55}},"5":{"start":{"line":6,"column":17},"end":{"line":6,"column":46}},"6":{"start":{"line":7,"column":13},"end":{"line":7,"column":38}},"7":{"start":{"line":8,"column":12},"end":{"line":8,"column":35}},"8":{"start":{"line":9,"column":25},"end":{"line":9,"column":62}},"9":{"start":{"line":10,"column":21},"end":{"line":10,"column":54}},"10":{"start":{"line":11,"column":13},"end":{"line":11,"column":38}},"11":{"start":{"line":12,"column":17},"end":{"line":12,"column":44}},"12":{"start":{"line":13,"column":27},"end":{"line":13,"column":54}},"13":{"start":{"line":16,"column":0},"end":{"line":27,"column":3}},"14":{"start":{"line":17,"column":1},"end":{"line":26,"column":2}},"15":{"start":{"line":18,"column":13},"end":{"line":21,"column":4}},"16":{"start":{"line":22,"column":2},"end":{"line":22,"column":18}},"17":{"start":{"line":23,"column":2},"end":{"line":23,"column":27}},"18":{"start":{"line":25,"column":2},"end":{"line":25,"column":30}},"19":{"start":{"line":30,"column":0},"end":{"line":77,"column":3}},"20":{"start":{"line":31,"column":17},"end":{"line":31,"column":27}},"21":{"start":{"line":33,"column":1},"end":{"line":76,"column":2}},"22":{"start":{"line":34,"column":13},"end":{"line":34,"column":45}},"23":{"start":{"line":36,"column":16},"end":{"line":42,"column":4}},"24":{"start":{"line":44,"column":19},"end":{"line":44,"column":21}},"25":{"start":{"line":45,"column":2},"end":{"line":69,"column":5}},"26":{"start":{"line":46,"column":16},"end":{"line":67,"column":4}},"27":{"start":{"line":47,"column":15},"end":{"line":47,"column":57}},"28":{"start":{"line":49,"column":4},"end":{"line":51,"column":5}},"29":{"start":{"line":50,"column":5},"end":{"line":50,"column":35}},"30":{"start":{"line":53,"column":20},"end":{"line":60,"column":6}},"31":{"start":{"line":62,"column":4},"end":{"line":62,"column":27}},"32":{"start":{"line":64,"column":4},"end":{"line":66,"column":7}},"33":{"start":{"line":68,"column":3},"end":{"line":68,"column":25}},"34":{"start":{"line":71,"column":2},"end":{"line":71,"column":30}},"35":{"start":{"line":72,"column":2},"end":{"line":72,"column":23}},"36":{"start":{"line":73,"column":2},"end":{"line":73,"column":32}},"37":{"start":{"line":75,"column":2},"end":{"line":75,"column":30}},"38":{"start":{"line":82,"column":0},"end":{"line":115,"column":3}},"39":{"start":{"line":83,"column":17},"end":{"line":83,"column":27}},"40":{"start":{"line":85,"column":17},"end":{"line":85,"column":38}},"41":{"start":{"line":87,"column":24},"end":{"line":87,"column":69}},"42":{"start":{"line":88,"column":26},"end":{"line":90,"column":2}},"43":{"start":{"line":89,"column":2},"end":{"line":89,"column":33}},"44":{"start":{"line":92,"column":1},"end":{"line":94,"column":2}},"45":{"start":{"line":93,"column":2},"end":{"line":93,"column":61}},"46":{"start":{"line":96,"column":1},"end":{"line":114,"column":2}},"47":{"start":{"line":97,"column":13},"end":{"line":101,"column":4}},"48":{"start":{"line":103,"column":2},"end":{"line":105,"column":3}},"49":{"start":{"line":104,"column":3},"end":{"line":104,"column":33}},"50":{"start":{"line":107,"column":2},"end":{"line":107,"column":61}},"51":{"start":{"line":107,"column":29},"end":{"line":107,"column":58}},"52":{"start":{"line":109,"column":2},"end":{"line":109,"column":18}},"53":{"start":{"line":111,"column":2},"end":{"line":111,"column":27}},"54":{"start":{"line":113,"column":2},"end":{"line":113,"column":30}},"55":{"start":{"line":118,"column":0},"end":{"line":137,"column":3}},"56":{"start":{"line":119,"column":17},"end":{"line":119,"column":27}},"57":{"start":{"line":120,"column":1},"end":{"line":136,"column":2}},"58":{"start":{"line":121,"column":13},"end":{"line":125,"column":4}},"59":{"start":{"line":126,"column":2},"end":{"line":128,"column":3}},"60":{"start":{"line":127,"column":3},"end":{"line":127,"column":33}},"61":{"start":{"line":130,"column":2},"end":{"line":130,"column":20}},"62":{"start":{"line":132,"column":2},"end":{"line":132,"column":18}},"63":{"start":{"line":133,"column":2},"end":{"line":133,"column":42}},"64":{"start":{"line":135,"column":2},"end":{"line":135,"column":30}},"65":{"start":{"line":161,"column":0},"end":{"line":223,"column":3}},"66":{"start":{"line":162,"column":1},"end":{"line":222,"column":2}},"67":{"start":{"line":163,"column":13},"end":{"line":163,"column":52}},"68":{"start":{"line":164,"column":19},"end":{"line":164,"column":52}},"69":{"start":{"line":167,"column":20},"end":{"line":170,"column":3}},"70":{"start":{"line":169,"column":4},"end":{"line":169,"column":68}},"71":{"start":{"line":172,"column":2},"end":{"line":174,"column":3}},"72":{"start":{"line":173,"column":3},"end":{"line":173,"column":33}},"73":{"start":{"line":176,"column":2},"end":{"line":178,"column":3}},"74":{"start":{"line":177,"column":3},"end":{"line":177,"column":54}},"75":{"start":{"line":180,"column":2},"end":{"line":180,"column":65}},"76":{"start":{"line":182,"column":60},"end":{"line":182,"column":62}},"77":{"start":{"line":184,"column":21},"end":{"line":190,"column":4}},"78":{"start":{"line":192,"column":2},"end":{"line":208,"column":5}},"79":{"start":{"line":193,"column":14},"end":{"line":193,"column":45}},"80":{"start":{"line":194,"column":65},"end":{"line":194,"column":69}},"81":{"start":{"line":195,"column":22},"end":{"line":203,"column":5}},"82":{"start":{"line":204,"column":3},"end":{"line":206,"column":6}},"83":{"start":{"line":207,"column":3},"end":{"line":207,"column":29}},"84":{"start":{"line":210,"column":2},"end":{"line":213,"column":5}},"85":{"start":{"line":215,"column":2},"end":{"line":215,"column":24}},"86":{"start":{"line":216,"column":2},"end":{"line":216,"column":18}},"87":{"start":{"line":217,"column":2},"end":{"line":217,"column":26}},"88":{"start":{"line":219,"column":2},"end":{"line":219,"column":42}},"89":{"start":{"line":221,"column":2},"end":{"line":221,"column":49}},"90":{"start":{"line":226,"column":0},"end":{"line":273,"column":3}},"91":{"start":{"line":227,"column":1},"end":{"line":272,"column":2}},"92":{"start":{"line":228,"column":19},"end":{"line":231,"column":4}},"93":{"start":{"line":233,"column":2},"end":{"line":235,"column":3}},"94":{"start":{"line":234,"column":3},"end":{"line":234,"column":33}},"95":{"start":{"line":237,"column":27},"end":{"line":239,"column":3}},"96":{"start":{"line":238,"column":3},"end":{"line":238,"column":50}},"97":{"start":{"line":241,"column":2},"end":{"line":243,"column":3}},"98":{"start":{"line":242,"column":3},"end":{"line":242,"column":33}},"99":{"start":{"line":245,"column":21},"end":{"line":245,"column":73}},"100":{"start":{"line":246,"column":18},"end":{"line":246,"column":62}},"101":{"start":{"line":248,"column":2},"end":{"line":253,"column":4}},"102":{"start":{"line":250,"column":4},"end":{"line":250,"column":41}},"103
[...]
rt":{"line":438,"column":0},"end":{"line":466,"column":3}},"171":{"start":{"line":439,"column":14},"end":{"line":439,"column":25}},"172":{"start":{"line":440,"column":1},"end":{"line":442,"column":2}},"173":{"start":{"line":441,"column":2},"end":{"line":441,"column":28}},"174":{"start":{"line":444,"column":1},"end":{"line":465,"column":2}},"175":{"start":{"line":445,"column":2},"end":{"line":462,"column":6}},"176":{"start":{"line":461,"column":4},"end":{"line":461,"column":31}},"177":{"start":{"line":464,"column":2},"end":{"line":464,"column":25}},"178":{"start":{"line":468,"column":0},"end":{"line":468,"column":24}}},"fnMap":{"0":{"name":"(anonymous_0)","decl":{"start":{"line":16,"column":50},"end":{"line":16,"column":51}},"loc":{"start":{"line":16,"column":70},"end":{"line":27,"column":1}},"line":16},"1":{"name":"(anonymous_1)","decl":{"start":{"line":30,"column":41},"end":{"line":30,"column":42}},"loc":{"start":{"line":30,"column":61},"end":{"line":77,"column":1}},"line":30},"2":{"name":"(anonymous_2)","decl":{"start":{"line":45,"column":19},"end":{"line":45,"column":20}},"loc":{"start":{"line":45,"column":36},"end":{"line":69,"column":3}},"line":45},"3":{"name":"(anonymous_3)","decl":{"start":{"line":46,"column":16},"end":{"line":46,"column":17}},"loc":{"start":{"line":46,"column":33},"end":{"line":67,"column":4}},"line":46},"4":{"name":"(anonymous_4)","decl":{"start":{"line":82,"column":54},"end":{"line":82,"column":55}},"loc":{"start":{"line":82,"column":74},"end":{"line":115,"column":1}},"line":82},"5":{"name":"(anonymous_5)","decl":{"start":{"line":88,"column":40},"end":{"line":88,"column":41}},"loc":{"start":{"line":89,"column":2},"end":{"line":89,"column":33}},"line":89},"6":{"name":"(anonymous_6)","decl":{"start":{"line":107,"column":18},"end":{"line":107,"column":19}},"loc":{"start":{"line":107,"column":29},"end":{"line":107,"column":58}},"line":107},"7":{"name":"(anonymous_7)","decl":{"start":{"line":118,"column":45},"end":{"line":118,"column":46}},"loc":{"start":{"line":118,"column":65},"end":{"line":137,"column":1}},"line":118},"8":{"name":"(anonymous_8)","decl":{"start":{"line":161,"column":43},"end":{"line":161,"column":44}},"loc":{"start":{"line":161,"column":63},"end":{"line":223,"column":1}},"line":161},"9":{"name":"(anonymous_9)","decl":{"start":{"line":168,"column":3},"end":{"line":168,"column":4}},"loc":{"start":{"line":169,"column":4},"end":{"line":169,"column":68}},"line":169},"10":{"name":"(anonymous_10)","decl":{"start":{"line":192,"column":16},"end":{"line":192,"column":17}},"loc":{"start":{"line":192,"column":38},"end":{"line":208,"column":3}},"line":192},"11":{"name":"(anonymous_11)","decl":{"start":{"line":226,"column":53},"end":{"line":226,"column":54}},"loc":{"start":{"line":226,"column":73},"end":{"line":273,"column":1}},"line":226},"12":{"name":"(anonymous_12)","decl":{"start":{"line":237,"column":63},"end":{"line":237,"column":64}},"loc":{"start":{"line":238,"column":3},"end":{"line":238,"column":50}},"line":238},"13":{"name":"(anonymous_13)","decl":{"start":{"line":249,"column":31},"end":{"line":249,"column":32}},"loc":{"start":{"line":250,"column":4},"end":{"line":250,"column":41}},"line":250},"14":{"name":"(anonymous_14)","decl":{"start":{"line":256,"column":39},"end":{"line":256,"column":40}},"loc":{"start":{"line":257,"column":4},"end":{"line":257,"column":39}},"line":257},"15":{"name":"(anonymous_15)","decl":{"start":{"line":276,"column":53},"end":{"line":276,"column":54}},"loc":{"start":{"line":276,"column":73},"end":{"line":362,"column":1}},"line":276},"16":{"name":"(anonymous_16)","decl":{"start":{"line":294,"column":49},"end":{"line":294,"column":50}},"loc":{"start":{"line":294,"column":58},"end":{"line":296,"column":4}},"line":294},"17":{"name":"(anonymous_17)","decl":{"start":{"line":298,"column":53},"end":{"line":298,"column":54}},"loc":{"start":{"line":298,"column":62},"end":{"line":300,"column":4}},"line":298},"18":{"name":"(anonymous_18)","decl":{"start":{"line":328,"column":53},"end":{"line":328,"column":54}},"loc":{"start":{"line":328,"column":62},"end":{"line":330,"column":4}},"line":328},"19":{"name":"(anonymous_19)","decl":{"start":{"line":341,"column":49},"end":{"line":341,"column":50}},"loc":{"start":{"line":341,"column":58},"end":{"line":343,"column":4}},"line":341},"20":{"name":"(anonymous_20)","decl":{"start":{"line":365,"column":34},"end":{"line":365,"column":35}},"loc":{"start":{"line":365,"column":54},"end":{"line":394,"column":1}},"line":365},"21":{"name":"(anonymous_21)","decl":{"start":{"line":397,"column":33},"end":{"line":397,"column":34}},"loc":{"start":{"line":397,"column":53},"end":{"line":435,"column":1}},"line":397},"22":{"name":"(anonymous_22)","decl":{"start":{"line":418,"column":3},"end":{"line":418,"column":4}},"loc":{"start":{"line":418,"column":26},"end":{"line":430,"column":4}},"line":418},"23":{"name":"(anonymous_23)","decl":{"start":{"line":420,"column":20},"end":{"line":420,"column":21}},"loc":{"start":{"line":420,"column":31},"end":{"line":428,"column":5}},"line":420},"24":{"name":"(anonymous_24)","decl":{"start":{"line":438,"column":34},"end":{"line":438,"column":35}},"loc":{"start":{"line":438,"column":54},"end":{"line":466,"column":1}},"line":438},"25":{"name":"(anonymous_25)","decl":{"start":{"line":460,"column":9},"end":{"line":460,"column":10}},"loc":{"start":{"line":460,"column":29},"end":{"line":462,"column":4}},"line":460}},"branchMap":{"0":{"loc":{"start":{"line":49,"column":4},"end":{"line":51,"column":5}},"type":"if","locations":[{"start":{"line":49,"column":4},"end":{"line":51,"column":5}},{"start":{"line":49,"column":4},"end":{"line":51,"column":5}}],"line":49},"1":{"loc":{"start":{"line":92,"column":1},"end":{"line":94,"column":2}},"type":"if","locations":[{"start":{"line":92,"column":1},"end":{"line":94,"column":2}},{"start":{"line":92,"column":1},"end":{"line":94,"column":2}}],"line":92},"2":{"loc":{"start":{"line":103,"column":2},"end":{"line":105,"column":3}},"type":"if","locations":[{"start":{"line":103,"column":2},"end":{"line":105,"column":3}},{"start":{"line":103,"column":2},"end":{"line":105,"column":3}}],"line":103},"3":{"loc":{"start":{"line":126,"column":2},"end":{"line":128,"column":3}},"type":"if","locations":[{"start":{"line":126,"column":2},"end":{"line":128,"column":3}},{"start":{"line":126,"column":2},"end":{"line":128,"column":3}}],"line":126},"4":{"loc":{"start":{"line":169,"column":4},"end":{"line":169,"column":68}},"type":"binary-expr","locations":[{"start":{"line":169,"column":4},"end":{"line":169,"column":39}},{"start":{"line":169,"column":43},"end":{"line":169,"column":68}}],"line":169},"5":{"loc":{"start":{"line":172,"column":2},"end":{"line":174,"column":3}},"type":"if","locations":[{"start":{"line":172,"column":2},"end":{"line":174,"column":3}},{"start":{"line":172,"column":2},"end":{"line":174,"column":3}}],"line":172},"6":{"loc":{"start":{"line":176,"column":2},"end":{"line":178,"column":3}},"type":"if","locations":[{"start":{"line":176,"column":2},"end":{"line":178,"column":3}},{"start":{"line":176,"column":2},"end":{"line":178,"column":3}}],"line":176},"7":{"loc":{"start":{"line":233,"column":2},"end":{"line":235,"column":3}},"type":"if","locations":[{"start":{"line":233,"column":2},"end":{"line":235,"column":3}},{"start":{"line":233,"column":2},"end":{"line":235,"column":3}}],"line":233},"8":{"loc":{"start":{"line":241,"column":2},"end":{"line":243,"column":3}},"type":"if","locations":[{"start":{"line":241,"column":2},"end":{"line":243,"column":3}},{"start":{"line":241,"column":2},"end":{"line":243,"column":3}}],"line":241},"9":{"loc":{"start":{"line":280,"column":2},"end":{"line":282,"column":3}},"type":"if","locations":[{"start":{"line":280,"column":2},"end":{"line":282,"column":3}},{"start":{"line":280,"column":2},"end":{"line":282,"column":3}}],"line":280},"10":{"loc":{"start":{"line":284,"column":2},"end":{"line":291,"column":3}},"type":"if","locations":[{"start":{"line":284,"column":2},"end":{"line":291,"column":3}},{"start":{"line":284,"column":2},"end":{"line":291,"column":3}}],"line":284},"11":{"loc":{"start":{"line":286,"column":4},"end":{"line":287,"column":34}},"type":"binary-expr","locations":[{"start":{"line":286,"column":4},"end":{"line":286,"column":36}},{"start":{"line":287,"column":4},"end":{"line":287,"column":34}}],"line":286},"12":{"loc":{"start":{"line":293,"column":2},"end":{"line":325,"column":3}},"type":"if","locations":[{"start":{"line":293,"column":2},"end":{"line":325,"column":3}},{"start":{"line":293,"column":2},"end":{"line":325,"column":3}}],"line":293},"13":{"loc":{"start":{"line":302,"column":3},"end":{"line":309,"column":4}},"type":"if","locations":[{"start":{"line":302,"column":3},"end":{"line":309,"column":4}},{"start":{"line":302,"column":3},"end":{"line":309,"column":4}}],"line":302},"14":{"loc":{"start":{"line":311,"column":3},"end":{"line":315,"column":4}},"type":"if","locations":[{"start":{"line":311,"column":3},"end":{"line":315,"column":4}},{"start":{"line":311,"column":3},"end":{"line":315,"column":4}}],"line":311},"15":{"loc":{"start":{"line":327,"column":2},"end":{"line":358,"column":3}},"type":"if","locations":[{"start":{"line":327,"column":2},"end":{"line":358,"column":3}},{"start":{"line":327,"column":2},"end":{"line":358,"column":3}}],"line":327},"16":{"loc":{"start":{"line":332,"column":3},"end":{"line":339,"column":4}},"type":"if","locations":[{"start":{"line":332,"column":3},"end":{"line":339,"column":4}},{"start":{"line":332,"column":3},"end":{"line":339,"column":4}}],"line":332},"17":{"loc":{"start":{"line":345,"column":3},"end":{"line":349,"column":4}},"type":"if","locations":[{"start":{"line":345,"column":3},"end":{"line":349,"column":4}},{"start":{"line":345,"column":3},"end":{"line":349,"column":4}}],"line":345},"18":{"loc":{"start":{"line":369,"column":2},"end":{"line":371,"column":3}},"type":"if","locations":[{"start":{"line":369,"column":2},"end":{"line":371,"column":3}},{"start":{"line":369,"column":2},"end":{"line":371,"column":3}}],"line":369},"19":{"loc":{"start":{"line":373,"column":2},"end":{"line":375,"column":3}},"type":"if","locations":[{"start":{"line":373,"column":2},"end":{"line":375,"column":3}},{"start":{"line":373,"column":2},"end":{"line":375,"column":3}}],"line":373},"20":{"loc":{"start":{"line":421,"column":5},"end":{"line":427,"column":6}},"type":"if","locations":[{"start":{"line":421,"column":5},"end":{"line":427,"column":6}},{"start":{"line":421,"column":5},"end":{"line":427,"column":6}}],"line":421},"21":{"loc":{"start":{"line":440,"column":1},"end":{"line":442,"column":2}},"type":"if","locations":[{"start":{"line":440,"column":1},"end":{"line":442,"column":2}},{"start":{"line":440,"column":1},"end":{"line":442,"column":2}}],"line":440}},"s":{"0":4,"1":4,"2":4,"3":4,"4":4,"5":4,"6":4,"7":4,"8":4,"9":4,"10":4,"11":4,"12":4,"13":4,"14":2,"15":2,"16":2,"17":1,"18":1,"19":4,"20":1,"21":1,"22":1,"23":1,"24":1,"25":1,"26":1,"27":1,"28":1,"29":0,"30":1,"31":1,"32":1,"33":1,"34":1,"35":1,"36":1,"37":0,"38":4,"39":3,"40":3,"41":3,"42":3,"43":4,"44":3,"45":1,"46":2,"47":2,"48":2,"49":1,"50":1,"51":2,"52":1,"53":1,"54":0,"55":4,"56":2,"57":2,"58":2,"59":2,"60":0,"61":2,"62":2,"63":2,"64":0,"65":4,"66":18,"67":18,"68":18,"69":18,"70":0,"71":18,"72":0,"73":18,"74":0,"75":18,"76":18,"77":18,"78":18,"79":35,"80":35,"81":35,"82":35,"83":35,"84":18,"85":18,"86":18,"87":18,"88":18,"89":0,"90":4,"91":1,"92":1,"93":1,"94":0,"95":1,"96":1,"97":1,"98":0,"99":1,"100":1,"101":1,"102":1,"103":1,"104":1,"105":1,"106":1,"107":1,"108":1,"109":0,"110":4,"111":13,"112":13,"113":13,"114":13,"115":0,"116":13,"117":0,"118":13,"119":10,"120":2,"121":10,"122":0,"123":10,"124":1,"125":9,"126":9,"127":9,"128":9,"129":0,"130":0,"131":0,"132":0,"133":3,"134":3,"135":0,"136":3,"137":0,"138":3,"139":1,"140":3,"141":2,"142":2,"143":2,"144":1,"145":1,"146":1,"147":1,"148":0,"149":4,"150":1,"151":1,"152":1,"153":1,"154":0,"155":1,"156":1,"157":0,"158":1,"159":1,"160":0,"161":4,"162":1,"163":1,"164":1,"165":1,"166":4,"167":4,"168":1,"169":0,"170":4,"171":2,"172":2,"173":1,"174":2,"175":2,"176":2,"177":0,"178":4},"f":{"0":2,"1":1,"2":1,"3":1,"4":3,"5":4,"6":2,"7":2,"8":18,"9":0,"10":35,"11":1,"12":1,"13":1,"14":1,"15":13,"16":2,"17":0,"18":0,"19":1,"20":1,"21":1,"22":1,"23":4,"24":2,"25":2},"b":{"0":[0,1],"1":[1,2],"2":[1,1],"3":[0,2],"4":[0,0],"5":[0,18],"6":[0,18],"7":[0,1],"8":[0,1],"9":[0,13],"10":[0,13],"11":[13,10],"12":[10,3],"13":[1,9],"14":[9,0],"15":[3,0],"16":[0,3],"17":[2,1],"18":[0,1],"19":[0,1],"20":[4,0],"21":[1,1]},"_coverageSchema":"43e27e138ebf9cfc5966b082cf9a028302ed4184","hash":"88d6d1496bd88025eabb52d162033eb3f590cd07"}
,"E:\\SU\\Semester-2-WS-19-20\\SE\\MEJBAH_PROJECT\\Backend\\src\\utility\\cronjobs.js": {"path":"E:\\SU\\Semester-2-WS-19-20\\SE\\MEJBAH_PROJECT\\Backend\\src\\utility\\cronjobs.js","statementMap":{"0":{"start":{"line":1,"column":15},"end":{"line":1,"column":32}},"1":{"start":{"line":2,"column":21},"end":{"line":2,"column":54}},"2":{"start":{"line":3,"column":17},"end":{"line":3,"column":41}},"3":{"start":{"line":4,"column":25},"end":{"line":4,"column":62}},"4":{"start":{"line":5,"column":23},"end":{"line":5,"column":50}},"5":{"start":{"line":6,"column":37},"end":{"line":6,"column":71}},"6":{"start":{"line":9,"column":24},"end":{"line":66,"column":1}},"7":{"start":{"line":11,"column":30},"end":{"line":11,"column":31}},"8":{"start":{"line":12,"column":20},"end":{"line":65,"column":2}},"9":{"start":{"line":15,"column":3},"end":{"line":63,"column":4}},"10":{"start":{"line":16,"column":16},"end":{"line":19,"column":6}},"11":{"start":{"line":20,"column":4},"end":{"line":60,"column":7}},"12":{"start":{"line":21,"column":5},"end":{"line":59,"column":6}},"13":{"start":{"line":37,"column":6},"end":{"line":58,"column":10}},"14":{"start":{"line":41,"column":8},"end":{"line":57,"column":9}},"15":{"start":{"line":42,"column":26},"end":{"line":53,"column":11}},"16":{"start":{"line":54,"column":9},"end":{"line":54,"column":33}},"17":{"start":{"line":56,"column":9},"end":{"line":56,"column":40}},"18":{"start":{"line":62,"column":4},"end":{"line":62,"column":23}},"19":{"start":{"line":68,"column":15},"end":{"line":106,"column":1}},"20":{"start":{"line":70,"column":28},"end":{"line":70,"column":29}},"21":{"start":{"line":71,"column":20},"end":{"line":101,"column":2}},"22":{"start":{"line":74,"column":3},"end":{"line":99,"column":4}},"23":{"start":{"line":75,"column":18},"end":{"line":75,"column":49}},"24":{"start":{"line":77,"column":4},"end":{"line":95,"column":7}},"25":{"start":{"line":78,"column":18},"end":{"line":80,"column":25}},"26":{"start":{"line":81,"column":18},"end":{"line":83,"column":6}},"27":{"start":{"line":84,"column":23},"end":{"line":87,"column":6}},"28":{"start":{"line":96,"column":4},"end":{"line":96,"column":40}},"29":{"start":{"line":98,"column":4},"end":{"line":98,"column":23}},"30":{"start":{"line":103,"column":1},"end":{"line":105,"column":3}},"31":{"start":{"line":107,"column":0},"end":{"line":107,"column":45}}},"fnMap":{"0":{"name":"(anonymous_0)","decl":{"start":{"line":9,"column":24},"end":{"line":9,"column":25}},"loc":{"start":{"line":9,"column":41},"end":{"line":66,"column":1}},"line":9},"1":{"name":"(anonymous_1)","decl":{"start":{"line":14,"column":2},"end":{"line":14,"column":3}},"loc":{"start":{"line":14,"column":19},"end":{"line":64,"column":3}},"line":14},"2":{"name":"(anonymous_2)","decl":{"start":{"line":20,"column":18},"end":{"line":20,"column":19}},"loc":{"start":{"line":20,"column":26},"end":{"line":60,"column":5}},"line":20},"3":{"name":"(anonymous_3)","decl":{"start":{"line":40,"column":13},"end":{"line":40,"column":14}},"loc":{"start":{"line":40,"column":44},"end":{"line":58,"column":8}},"line":40},"4":{"name":"(anonymous_4)","decl":{"start":{"line":68,"column":15},"end":{"line":68,"column":16}},"loc":{"start":{"line":68,"column":32},"end":{"line":106,"column":1}},"line":68},"5":{"name":"(anonymous_5)","decl":{"start":{"line":73,"column":2},"end":{"line":73,"column":3}},"loc":{"start":{"line":73,"column":19},"end":{"line":100,"column":3}},"line":73},"6":{"name":"(anonymous_6)","decl":{"start":{"line":77,"column":18},"end":{"line":77,"column":19}},"loc":{"start":{"line":77,"column":26},"end":{"line":95,"column":5}},"line":77}},"branchMap":{"0":{"loc":{"start":{"line":21,"column":5},"end":{"line":59,"column":6}},"type":"if","locations":[{"start":{"line":21,"column":5},"end":{"line":59,"column":6}},{"start":{"line":21,"column":5},"end":{"line":59,"column":6}}],"line":21},"1":{"loc":{"start":{"line":22,"column":6},"end":{"line":35,"column":21}},"type":"binary-expr","locations":[{"start":{"line":22,"column":6},"end":{"line":28,"column":20}},{"start":{"line":29,"column":6},"end":{"line":35,"column":21}}],"line":22}},"s":{"0":4,"1":4,"2":4,"3":4,"4":4,"5":4,"6":4,"7":2,"8":2,"9":3,"10":3,"11":3,"12":3,"13":3,"14":3,"15":3,"16":3,"17":0,"18":0,"19":4,"20":1,"21":1,"22":0,"23":0,"24":0,"25":0,"26":0,"27":0,"28":0,"29":0,"30":1,"31":4},"f":{"0":2,"1":3,"2":3,"3":3,"4":1,"5":0,"6":0},"b":{"0":[3,0],"1":[3,3]},"_coverageSchema":"43e27e138ebf9cfc5966b082cf9a028302ed4184","hash":"75e0b0c5d451934fa8a6be8a97d28445632abbd4"}
,"E:\\SU\\Semester-2-WS-19-20\\SE\\MEJBAH_PROJECT\\Backend\\src\\utility\\emailService.js": {"path":"E:\\SU\\Semester-2-WS-19-20\\SE\\MEJBAH_PROJECT\\Backend\\src\\utility\\emailService.js","statementMap":{"0":{"start":{"line":1,"column":15},"end":{"line":1,"column":40}},"1":{"start":{"line":2,"column":22},"end":{"line":2,"column":49}},"2":{"start":{"line":4,"column":0},"end":{"line":4,"column":47}},"3":{"start":{"line":6,"column":12},"end":{"line":6,"column":52}},"4":{"start":{"line":8,"column":28},"end":{"line":18,"column":1}},"5":{"start":{"line":9,"column":1},"end":{"line":17,"column":4}},"6":{"start":{"line":20,"column":30},"end":{"line":30,"column":1}},"7":{"start":{"line":21,"column":1},"end":{"line":29,"column":4}},"8":{"start":{"line":32,"column":26},"end":{"line":42,"column":1}},"9":{"start":{"line":33,"column":1},"end":{"line":41,"column":4}},"10":{"start":{"line":44,"column":33},"end":{"line":59,"column":1}},"11":{"start":{"line":51,"column":1},"end":{"line":58,"column":4}},"12":{"start":{"line":61,"column":0},"end":{"line":66,"column":2}}},"fnMap":{"0":{"name":"(anonymous_0)","decl":{"start":{"line":8,"column":28},"end":{"line":8,"column":29}},"loc":{"start":{"line":8,"column":52},"end":{"line":18,"column":1}},"line":8},"1":{"name":"(anonymous_1)","decl":{"start":{"line":20,"column":30},"end":{"line":20,"column":31}},"loc":{"start":{"line":20,"column":54},"end":{"line":30,"column":1}},"line":20},"2":{"name":"(anonymous_2)","decl":{"start":{"line":32,"column":26},"end":{"line":32,"column":27}},"loc":{"start":{"line":32,"column":76},"end":{"line":42,"column":1}},"line":32},"3":{"name":"(anonymous_3)","decl":{"start":{"line":44,"column":33},"end":{"line":44,"column":34}},"loc":{"start":{"line":50,"column":5},"end":{"line":59,"column":1}},"line":50}},"branchMap":{},"s":{"0":4,"1":4,"2":4,"3":4,"4":4,"5":0,"6":4,"7":0,"8":4,"9":0,"10":4,"11":0,"12":4},"f":{"0":0,"1":0,"2":0,"3":0},"b":{},"_coverageSchema":"43e27e138ebf9cfc5966b082cf9a028302ed4184","hash":"4b042a0e5fa82d7ddda1076093977de19787e6da"}
,"E:\\SU\\Semester-2-WS-19-20\\SE\\MEJBAH_PROJECT\\Backend\\src\\utility\\eunms.js": {"path":"E:\\SU\\Semester-2-WS-19-20\\SE\\MEJBAH_PROJECT\\Backend\\src\\utility\\eunms.js","statementMap":{"0":{"start":{"line":1,"column":19},"end":{"line":5,"column":1}},"1":{"start":{"line":7,"column":26},"end":{"line":11,"column":1}},"2":{"start":{"line":13,"column":23},"end":{"line":16,"column":1}},"3":{"start":{"line":18,"column":13},"end":{"line":21,"column":1}},"4":{"start":{"line":23,"column":20},"end":{"line":26,"column":1}},"5":{"start":{"line":28,"column":0},"end":{"line":34,"column":2}}},"fnMap":{},"branchMap":{},"s":{"0":4,"1":4,"2":4,"3":4,"4":4,"5":4},"f":{},"b":{},"_coverageSchema":"43e27e138ebf9cfc5966b082cf9a028302ed4184","hash":"31d5e2241e0e33d2703825436b35a0937ba86ec8"}
}
