TN:
SF:E:\SU\Semester-2-WS-19-20\SE\MEJBAH_PROJECT\Backend\src\app.js
FN:13,(anonymous_0)
FNF:1
FNH:1
FNDA:124,(anonymous_0)
DA:1,4
DA:2,4
DA:3,4
DA:4,4
DA:5,4
DA:6,4
DA:7,4
DA:8,4
DA:10,4
DA:13,4
DA:14,124
DA:15,124
DA:19,124
DA:23,124
DA:26,4
DA:27,4
DA:28,4
DA:29,4
DA:30,4
DA:31,4
DA:33,4
LF:21
LH:21
BRF:0
BRH:0
end_of_record
TN:
SF:E:\SU\Semester-2-WS-19-20\SE\MEJBAH_PROJECT\Backend\src\db\mongoose.js
FNF:0
FNH:0
DA:1,4
DA:3,4
LF:2
LH:2
BRF:0
BRH:0
end_of_record
TN:
SF:E:\SU\Semester-2-WS-19-20\SE\MEJBAH_PROJECT\Backend\src\middleware\auth.js
FN:4,(anonymous_0)
FNF:1
FNH:1
FNDA:98,(anonymous_0)
DA:1,4
DA:2,4
DA:4,4
DA:5,98
DA:6,98
DA:7,90
DA:8,90
DA:13,90
DA:14,0
DA:17,90
DA:18,90
DA:19,90
DA:21,8
DA:25,4
LF:14
LH:13
BRDA:13,0,0,0
BRDA:13,0,1,90
BRF:2
BRH:1
end_of_record
TN:
SF:E:\SU\Semester-2-WS-19-20\SE\MEJBAH_PROJECT\Backend\src\middleware\escape-html.js
FN:2,(anonymous_0)
FNF:1
FNH:1
FNDA:52,(anonymous_0)
DA:1,4
DA:2,4
DA:3,52
DA:4,52
DA:5,106
DA:9,102
DA:13,52
DA:14,52
DA:15,5
DA:16,5
DA:20,52
DA:22,0
DA:26,4
LF:13
LH:12
BRDA:5,0,0,102
BRDA:5,0,1,4
BRDA:6,1,0,106
BRDA:6,1,1,106
BRDA:13,2,0,52
BRDA:13,2,1,0
BRDA:15,3,0,5
BRDA:15,3,1,0
BRF:8
BRH:6
end_of_record
TN:
SF:E:\SU\Semester-2-WS-19-20\SE\MEJBAH_PROJECT\Backend\src\models\comment.js
FNF:0
FNH:0
DA:1,4
DA:2,4
DA:3,4
DA:5,4
DA:34,4
DA:36,4
LF:6
LH:6
BRF:0
BRH:0
end_of_record
TN:
SF:E:\SU\Semester-2-WS-19-20\SE\MEJBAH_PROJECT\Backend\src\models\task.js
FN:21,(anonymous_0)
FN:31,(anonymous_1)
FNF:2
FNH:2
FNDA:296,(anonymous_0)
FNDA:296,(anonymous_1)
DA:1,4
DA:2,4
DA:4,4
DA:22,296
DA:23,0
DA:32,296
DA:33,0
DA:47,4
DA:49,4
LF:9
LH:7
BRDA:22,0,0,0
BRDA:22,0,1,296
BRDA:32,1,0,0
BRDA:32,1,1,296
BRF:4
BRH:2
end_of_record
TN:
SF:E:\SU\Semester-2-WS-19-20\SE\MEJBAH_PROJECT\Backend\src\models\taskinstance.js
FNF:0
FNH:0
DA:1,4
DA:2,4
DA:3,4
DA:5,4
DA:70,4
DA:72,4
LF:6
LH:6
BRF:0
BRH:0
end_of_record
TN:
SF:E:\SU\Semester-2-WS-19-20\SE\MEJBAH_PROJECT\Backend\src\models\tasknotification.js
FNF:0
FNH:0
DA:1,4
DA:2,4
DA:4,4
DA:39,4
DA:41,4
LF:5
LH:5
BRF:0
BRH:0
end_of_record
TN:
SF:E:\SU\Semester-2-WS-19-20\SE\MEJBAH_PROJECT\Backend\src\models\user.js
FN:19,(anonymous_0)
FN:29,(anonymous_1)
FN:84,(anonymous_2)
FN:96,(anonymous_3)
FN:111,(anonymous_4)
FN:125,(anonymous_5)
FN:149,(anonymous_6)
FNF:7
FNH:7
FNDA:176,(anonymous_0)
FNDA:177,(anonymous_1)
FNDA:6,(anonymous_2)
FNDA:3,(anonymous_3)
FNDA:2,(anonymous_4)
FNDA:4,(anonymous_5)
FNDA:176,(anonymous_6)
DA:1,4
DA:2,4
DA:3,4
DA:4,4
DA:5,4
DA:6,4
DA:7,4
DA:20,176
DA:21,0
DA:30,177
DA:31,0
DA:33,177
DA:34,0
DA:84,4
DA:85,6
DA:86,6
DA:88,6
DA:89,6
DA:91,6
DA:96,4
DA:97,3
DA:98,3
DA:103,3
DA:105,3
DA:106,3
DA:111,4
DA:112,2
DA:113,2
DA:118,2
DA:119,2
DA:120,2
DA:125,4
DA:126,4
DA:127,4
DA:128,1
DA:131,3
DA:132,0
DA:135,3
DA:136,0
DA:139,3
DA:141,3
DA:142,1
DA:145,2
DA:149,4
DA:150,176
DA:152,176
DA:153,148
DA:156,176
DA:159,4
DA:161,4
LF:50
LH:45
BRDA:20,0,0,0
BRDA:20,0,1,176
BRDA:30,1,0,0
BRDA:30,1,1,177
BRDA:33,2,0,0
BRDA:33,2,1,177
BRDA:127,3,0,1
BRDA:127,3,1,3
BRDA:131,4,0,0
BRDA:131,4,1,3
BRDA:135,5,0,0
BRDA:135,5,1,3
BRDA:141,6,0,1
BRDA:141,6,1,2
BRDA:152,7,0,148
BRDA:152,7,1,28
BRF:16
BRH:11
end_of_record
TN:
SF:E:\SU\Semester-2-WS-19-20\SE\MEJBAH_PROJECT\Backend\src\models\workflow.js
FNF:0
FNH:0
DA:1,4
DA:2,4
DA:3,4
DA:4,4
DA:99,4
DA:100,4
DA:102,4
LF:7
LH:7
BRF:0
BRH:0
end_of_record
TN:
SF:E:\SU\Semester-2-WS-19-20\SE\MEJBAH_PROJECT\Backend\src\models\workflowinstance.js
FNF:0
FNH:0
DA:1,4
DA:2,4
DA:4,4
DA:62,4
DA:67,4
LF:5
LH:5
BRF:0
BRH:0
end_of_record
TN:
SF:E:\SU\Semester-2-WS-19-20\SE\MEJBAH_PROJECT\Backend\src\routers\comment.js
FN:13,(anonymous_0)
FN:46,(anonymous_1)
FN:81,(anonymous_2)
FNF:3
FNH:3
FNDA:15,(anonymous_0)
FNDA:5,(anonymous_1)
FNDA:2,(anonymous_2)
DA:1,4
DA:2,4
DA:3,4
DA:4,4
DA:5,4
DA:6,4
DA:7,4
DA:8,4
DA:9,4
DA:10,4
DA:11,4
DA:13,4
DA:14,15
DA:17,15
DA:19,15
DA:20,0
DA:22,15
DA:28,3
DA:31,12
DA:35,12
DA:37,12
DA:38,12
DA:39,12
DA:41,0
DA:46,4
DA:47,5
DA:49,5
DA:51,5
DA:54,5
DA:55,0
DA:58,5
DA:59,3
DA:60,3
DA:65,5
DA:73,3
DA:76,2
DA:82,2
DA:83,2
DA:84,2
DA:87,0
DA:91,4
LF:41
LH:37
BRDA:17,0,0,15
BRDA:17,0,1,9
BRDA:19,1,0,0
BRDA:19,1,1,15
BRDA:22,2,0,3
BRDA:22,2,1,12
BRDA:23,3,0,15
BRDA:23,3,1,9
BRDA:23,3,2,8
BRDA:23,3,3,13
BRDA:23,3,4,6
BRDA:51,4,0,5
BRDA:51,4,1,3
BRDA:54,5,0,0
BRDA:54,5,1,5
BRDA:58,6,0,3
BRDA:58,6,1,2
BRDA:65,7,0,3
BRDA:65,7,1,2
BRDA:66,8,0,5
BRDA:66,8,1,3
BRDA:66,8,2,2
BRDA:66,8,3,2
BRDA:66,8,4,2
BRDA:66,8,5,3
BRDA:66,8,6,2
BRDA:82,9,0,0
BRDA:82,9,1,2
BRDA:83,10,0,0
BRDA:83,10,1,2
BRF:30
BRH:26
end_of_record
TN:
SF:E:\SU\Semester-2-WS-19-20\SE\MEJBAH_PROJECT\Backend\src\routers\task.js
FN:10,(anonymous_0)
FN:68,(anonymous_1)
FN:114,(anonymous_2)
FN:125,(anonymous_3)
FN:144,(anonymous_4)
FN:156,(anonymous_5)
FN:172,(anonymous_6)
FNF:7
FNH:7
FNDA:2,(anonymous_0)
FNDA:2,(anonymous_1)
FNDA:3,(anonymous_2)
FNDA:2,(anonymous_3)
FNDA:1,(anonymous_4)
FNDA:2,(anonymous_5)
FNDA:1,(anonymous_6)
DA:1,4
DA:2,4
DA:3,4
DA:4,4
DA:5,4
DA:6,4
DA:7,4
DA:10,4
DA:11,2
DA:12,2
DA:13,2
DA:15,2
DA:19,2
DA:20,1
DA:22,1
DA:23,1
DA:25,1
DA:27,0
DA:68,4
DA:69,2
DA:71,2
DA:72,2
DA:73,2
DA:74,1
DA:76,1
DA:77,1
DA:78,0
DA:81,1
DA:89,0
DA:110,4
DA:115,3
DA:117,3
DA:119,3
DA:125,3
DA:126,2
DA:129,3
DA:130,1
DA:133,2
DA:134,2
DA:138,2
DA:140,2
DA:141,1
DA:144,1
DA:146,1
DA:148,1
DA:150,0
DA:156,4
DA:157,2
DA:158,2
DA:163,2
DA:164,1
DA:167,1
DA:171,1
DA:172,1
DA:175,1
DA:176,1
DA:178,0
DA:182,4
LF:58
LH:53
BRDA:19,0,0,1
BRDA:19,0,1,1
BRDA:73,1,0,1
BRDA:73,1,1,1
BRDA:77,2,0,0
BRDA:77,2,1,1
BRDA:129,3,0,1
BRDA:129,3,1,2
BRDA:140,4,0,1
BRDA:140,4,1,1
BRDA:140,5,0,2
BRDA:140,5,1,1
BRDA:140,5,2,1
BRDA:163,6,0,1
BRDA:163,6,1,1
BRF:15
BRH:14
end_of_record
TN:
SF:E:\SU\Semester-2-WS-19-20\SE\MEJBAH_PROJECT\Backend\src\routers\user.js
FN:18,(anonymous_0)
FN:38,(anonymous_1)
FN:65,(anonymous_2)
FN:88,(anonymous_3)
FN:112,(anonymous_4)
FN:142,(anonymous_5)
FN:167,(anonymous_6)
FN:196,(anonymous_7)
FN:212,(anonymous_8)
FN:214,(anonymous_9)
FN:225,(anonymous_10)
FN:243,(anonymous_11)
FN:252,(anonymous_12)
FN:261,(anonymous_13)
FN:275,(anonymous_14)
FN:288,(anonymous_15)
FN:299,(anonymous_16)
FNF:17
FNH:14
FNDA:3,(anonymous_0)
FNDA:1,(anonymous_1)
FNDA:1,(anonymous_2)
FNDA:1,(anonymous_3)
FNDA:2,(anonymous_4)
FNDA:2,(anonymous_5)
FNDA:3,(anonymous_6)
FNDA:4,(anonymous_7)
FNDA:1,(anonymous_8)
FNDA:1,(anonymous_9)
FNDA:1,(anonymous_10)
FNDA:1,(anonymous_11)
FNDA:1,(anonymous_12)
FNDA:1,(anonymous_13)
FNDA:0,(anonymous_14)
FNDA:0,(anonymous_15)
FNDA:0,(anonymous_16)
DA:1,4
DA:2,4
DA:3,4
DA:4,4
DA:5,4
DA:6,4
DA:7,4
DA:8,4
DA:9,4
DA:10,4
DA:15,4
DA:18,4
DA:19,3
DA:20,3
DA:21,3
DA:22,3
DA:23,1
DA:26,2
DA:27,1
DA:31,1
DA:33,2
DA:38,4
DA:39,1
DA:40,1
DA:41,1
DA:43,1
DA:48,1
DA:49,0
DA:52,1
DA:53,0
DA:54,0
DA:55,0
DA:58,1
DA:60,0
DA:65,4
DA:66,1
DA:67,1
DA:68,1
DA:69,1
DA:74,1
DA:75,0
DA:78,1
DA:81,1
DA:83,0
DA:88,4
DA:89,1
DA:90,1
DA:91,1
DA:92,1
DA:97,1
DA:98,0
DA:101,1
DA:102,1
DA:103,1
DA:105,1
DA:107,0
DA:112,4
DA:113,2
DA:114,2
DA:118,2
DA:119,0
DA:122,2
DA:123,2
DA:124,1
DA:127,1
DA:135,1
DA:137,1
DA:142,4
DA:143,2
DA:144,2
DA:145,2
DA:146,2
DA:151,2
DA:152,1
DA:155,1
DA:156,1
DA:158,1
DA:160,1
DA:162,0
DA:167,4
DA:168,3
DA:169,3
DA:170,3
DA:171,3
DA:172,2
DA:173,2
DA:177,2
DA:181,2
DA:182,0
DA:185,2
DA:186,1
DA:189,2
DA:191,1
DA:196,4
DA:197,4
DA:198,4
DA:203,2
DA:204,2
DA:205,2
DA:207,2
DA:212,4
DA:213,1
DA:214,1
DA:215,1
DA:217,1
DA:218,1
DA:220,0
DA:225,4
DA:226,1
DA:227,1
DA:228,1
DA:229,1
DA:234,1
DA:235,1
DA:236,1
DA:238,0
DA:243,4
DA:244,1
DA:245,1
DA:246,0
DA:248,1
DA:249,1
DA:251,1
DA:252,1
DA:253,1
DA:256,1
DA:257,0
DA:260,1
DA:261,1
DA:262,1
DA:264,1
DA:266,0
DA:271,4
DA:276,0
DA:277,0
DA:279,0
DA:284,4
DA:289,0
DA:293,0
DA:295,0
DA:297,0
DA:300,0
DA:304,4
LF:143
LH:118
BRDA:22,0,0,1
BRDA:22,0,1,2
BRDA:48,1,0,0
BRDA:48,1,1,1
BRDA:52,2,0,0
BRDA:52,2,1,1
BRDA:74,3,0,0
BRDA:74,3,1,1
BRDA:97,4,0,0
BRDA:97,4,1,1
BRDA:118,5,0,0
BRDA:118,5,1,2
BRDA:123,6,0,1
BRDA:123,6,1,1
BRDA:151,7,0,1
BRDA:151,7,1,1
BRDA:181,8,0,0
BRDA:181,8,1,2
BRDA:181,9,0,2
BRDA:181,9,1,2
BRDA:185,10,0,1
BRDA:185,10,1,1
BRDA:245,11,0,0
BRDA:245,11,1,1
BRDA:256,12,0,0
BRDA:256,12,1,1
BRDA:276,13,0,0
BRDA:276,13,1,0
BRF:28
BRH:18
end_of_record
TN:
SF:E:\SU\Semester-2-WS-19-20\SE\MEJBAH_PROJECT\Backend\src\routers\userworkflowcontrol.js
FN:16,(anonymous_0)
FN:27,(anonymous_1)
FN:33,(anonymous_2)
FN:45,(anonymous_3)
FN:67,(anonymous_4)
FN:77,(anonymous_5)
FN:84,(anonymous_6)
FN:87,(anonymous_7)
FN:109,(anonymous_8)
FN:132,(anonymous_9)
FN:174,(anonymous_10)
FN:216,(anonymous_11)
FN:232,(anonymous_12)
FN:238,(anonymous_13)
FN:245,(anonymous_14)
FN:268,(anonymous_15)
FN:291,(anonymous_16)
FN:300,(anonymous_17)
FN:305,(anonymous_18)
FNF:19
FNH:17
FNDA:2,(anonymous_0)
FNDA:2,(anonymous_1)
FNDA:2,(anonymous_2)
FNDA:3,(anonymous_3)
FNDA:1,(anonymous_4)
FNDA:2,(anonymous_5)
FNDA:2,(anonymous_6)
FNDA:5,(anonymous_7)
FNDA:8,(anonymous_8)
FNDA:7,(anonymous_9)
FNDA:2,(anonymous_10)
FNDA:1,(anonymous_11)
FNDA:1,(anonymous_12)
FNDA:0,(anonymous_13)
FNDA:0,(anonymous_14)
FNDA:1,(anonymous_15)
FNDA:1,(anonymous_16)
FNDA:1,(anonymous_17)
FNDA:1,(anonymous_18)
DA:1,4
DA:2,4
DA:3,4
DA:4,4
DA:5,4
DA:6,4
DA:7,4
DA:8,4
DA:9,4
DA:10,4
DA:13,4
DA:17,2
DA:18,2
DA:21,2
DA:22,1
DA:26,1
DA:28,2
DA:34,2
DA:39,2
DA:43,2
DA:45,2
DA:46,3
DA:47,0
DA:51,2
DA:55,2
DA:56,0
DA:59,2
DA:67,1
DA:68,1
DA:71,0
DA:77,4
DA:78,2
DA:79,2
DA:85,2
DA:86,2
DA:87,2
DA:91,5
DA:98,5
DA:101,2
DA:104,0
DA:109,4
DA:110,8
DA:111,8
DA:112,8
DA:116,8
DA:118,8
DA:119,0
DA:121,8
DA:122,8
DA:124,0
DA:129,4
DA:133,7
DA:134,7
DA:135,7
DA:139,7
DA:141,7
DA:142,0
DA:145,7
DA:150,1
DA:153,6
DA:154,6
DA:156,6
DA:158,6
DA:162,6
DA:163,6
DA:165,0
DA:171,4
DA:175,2
DA:176,2
DA:177,2
DA:181,2
DA:183,2
DA:184,0
DA:187,2
DA:192,1
DA:205,1
DA:206,1
DA:208,1
DA:209,1
DA:211,1
DA:216,1
DA:217,1
DA:220,1
DA:222,1
DA:227,1
DA:230,1
DA:232,1
DA:235,0
DA:236,0
DA:237,0
DA:238,0
DA:242,0
DA:243,0
DA:245,0
DA:246,0
DA:250,0
DA:254,0
DA:257,1
DA:259,0
DA:265,4
DA:269,1
DA:270,1
DA:271,1
DA:275,1
DA:277,1
DA:278,0
DA:281,1
DA:282,1
DA:283,1
DA:285,0
DA:291,4
DA:292,1
DA:293,1
DA:296,1
DA:300,1
DA:301,1
DA:302,1
DA:305,1
DA:306,1
DA:307,1
DA:310,1
DA:311,1
DA:313,0
DA:317,4
LF:124
LH:101
BRDA:21,0,0,1
BRDA:21,0,1,1
BRDA:46,1,0,0
BRDA:46,1,1,3
BRDA:55,2,0,0
BRDA:55,2,1,2
BRDA:85,3,0,0
BRDA:85,3,1,2
BRDA:86,4,0,0
BRDA:86,4,1,2
BRDA:118,5,0,0
BRDA:118,5,1,8
BRDA:118,6,0,8
BRDA:118,6,1,8
BRDA:141,7,0,0
BRDA:141,7,1,7
BRDA:141,8,0,7
BRDA:141,8,1,7
BRDA:145,9,0,1
BRDA:145,9,1,6
BRDA:146,10,0,7
BRDA:146,10,1,6
BRDA:146,10,2,6
BRDA:183,11,0,0
BRDA:183,11,1,2
BRDA:183,12,0,2
BRDA:183,12,1,2
BRDA:187,13,0,1
BRDA:187,13,1,1
BRDA:188,14,0,2
BRDA:188,14,1,1
BRDA:188,14,2,1
BRDA:216,15,0,1
BRDA:216,15,1,0
BRDA:230,16,0,0
BRDA:230,16,1,1
BRDA:246,17,0,0
BRDA:246,17,1,0
BRDA:247,18,0,0
BRDA:247,18,1,0
BRDA:277,19,0,0
BRDA:277,19,1,1
BRDA:277,20,0,1
BRDA:277,20,1,1
BRDA:277,20,2,1
BRF:45
BRH:31
end_of_record
TN:
SF:E:\SU\Semester-2-WS-19-20\SE\MEJBAH_PROJECT\Backend\src\routers\workflow.js
FN:16,(anonymous_0)
FN:30,(anonymous_1)
FN:45,(anonymous_2)
FN:46,(anonymous_3)
FN:82,(anonymous_4)
FN:88,(anonymous_5)
FN:107,(anonymous_6)
FN:118,(anonymous_7)
FN:161,(anonymous_8)
FN:168,(anonymous_9)
FN:192,(anonymous_10)
FN:226,(anonymous_11)
FN:237,(anonymous_12)
FN:249,(anonymous_13)
FN:256,(anonymous_14)
FN:276,(anonymous_15)
FN:294,(anonymous_16)
FN:298,(anonymous_17)
FN:328,(anonymous_18)
FN:341,(anonymous_19)
FN:365,(anonymous_20)
FN:397,(anonymous_21)
FN:418,(anonymous_22)
FN:420,(anonymous_23)
FN:438,(anonymous_24)
FN:460,(anonymous_25)
FNF:26
FNH:23
FNDA:2,(anonymous_0)
FNDA:1,(anonymous_1)
FNDA:1,(anonymous_2)
FNDA:1,(anonymous_3)
FNDA:3,(anonymous_4)
FNDA:4,(anonymous_5)
FNDA:2,(anonymous_6)
FNDA:2,(anonymous_7)
FNDA:18,(anonymous_8)
FNDA:0,(anonymous_9)
FNDA:35,(anonymous_10)
FNDA:1,(anonymous_11)
FNDA:1,(anonymous_12)
FNDA:1,(anonymous_13)
FNDA:1,(anonymous_14)
FNDA:13,(anonymous_15)
FNDA:2,(anonymous_16)
FNDA:0,(anonymous_17)
FNDA:0,(anonymous_18)
FNDA:1,(anonymous_19)
FNDA:1,(anonymous_20)
FNDA:1,(anonymous_21)
FNDA:1,(anonymous_22)
FNDA:4,(anonymous_23)
FNDA:2,(anonymous_24)
FNDA:2,(anonymous_25)
DA:1,4
DA:2,4
DA:3,4
DA:4,4
DA:5,4
DA:6,4
DA:7,4
DA:8,4
DA:9,4
DA:10,4
DA:11,4
DA:12,4
DA:13,4
DA:16,4
DA:17,2
DA:18,2
DA:22,2
DA:23,1
DA:25,1
DA:30,4
DA:31,1
DA:33,1
DA:34,1
DA:36,1
DA:44,1
DA:45,1
DA:46,1
DA:47,1
DA:49,1
DA:50,0
DA:53,1
DA:62,1
DA:64,1
DA:68,1
DA:71,1
DA:72,1
DA:73,1
DA:75,0
DA:82,4
DA:83,3
DA:85,3
DA:87,3
DA:88,3
DA:89,4
DA:92,3
DA:93,1
DA:96,2
DA:97,2
DA:103,2
DA:104,1
DA:107,2
DA:109,1
DA:111,1
DA:113,0
DA:118,4
DA:119,2
DA:120,2
DA:121,2
DA:126,2
DA:127,0
DA:130,2
DA:132,2
DA:133,2
DA:135,0
DA:161,4
DA:162,18
DA:163,18
DA:164,18
DA:167,18
DA:169,0
DA:172,18
DA:173,0
DA:176,18
DA:177,0
DA:180,18
DA:182,18
DA:184,18
DA:192,18
DA:193,35
DA:194,35
DA:195,35
DA:204,35
DA:207,35
DA:210,18
DA:215,18
DA:216,18
DA:217,18
DA:219,18
DA:221,0
DA:226,4
DA:227,1
DA:228,1
DA:233,1
DA:234,0
DA:237,1
DA:238,1
DA:241,1
DA:242,0
DA:245,1
DA:246,1
DA:248,1
DA:250,1
DA:255,1
DA:257,1
DA:262,1
DA:267,1
DA:268,1
DA:269,1
DA:271,0
DA:276,4
DA:277,13
DA:278,13
DA:279,13
DA:280,13
DA:281,0
DA:284,13
DA:290,0
DA:293,13
DA:294,10
DA:295,2
DA:298,10
DA:299,0
DA:302,10
DA:303,1
DA:311,9
DA:312,9
DA:313,9
DA:314,9
DA:317,0
DA:322,0
DA:323,0
DA:324,0
DA:327,3
DA:328,3
DA:329,0
DA:332,3
DA:333,0
DA:341,3
DA:342,1
DA:345,3
DA:346,2
DA:347,2
DA:348,2
DA:351,1
DA:355,1
DA:356,1
DA:357,1
DA:360,0
DA:365,4
DA:366,1
DA:367,1
DA:368,1
DA:369,1
DA:370,0
DA:372,1
DA:373,1
DA:374,0
DA:377,1
DA:382,1
DA:392,0
DA:397,4
DA:398,1
DA:399,1
DA:419,1
DA:420,1
DA:421,4
DA:422,4
DA:429,1
DA:433,0
DA:438,4
DA:439,2
DA:440,2
DA:441,1
DA:444,2
DA:445,2
DA:461,2
DA:464,0
DA:468,4
LF:178
LH:151
BRDA:49,0,0,0
BRDA:49,0,1,1
BRDA:92,1,0,1
BRDA:92,1,1,2
BRDA:103,2,0,1
BRDA:103,2,1,1
BRDA:126,3,0,0
BRDA:126,3,1,2
BRDA:169,4,0,0
BRDA:169,4,1,0
BRDA:172,5,0,0
BRDA:172,5,1,18
BRDA:176,6,0,0
BRDA:176,6,1,18
BRDA:233,7,0,0
BRDA:233,7,1,1
BRDA:241,8,0,0
BRDA:241,8,1,1
BRDA:280,9,0,0
BRDA:280,9,1,13
BRDA:284,10,0,0
BRDA:284,10,1,13
BRDA:286,11,0,13
BRDA:286,11,1,10
BRDA:293,12,0,10
BRDA:293,12,1,3
BRDA:302,13,0,1
BRDA:302,13,1,9
BRDA:311,14,0,9
BRDA:311,14,1,0
BRDA:327,15,0,3
BRDA:327,15,1,0
BRDA:332,16,0,0
BRDA:332,16,1,3
BRDA:345,17,0,2
BRDA:345,17,1,1
BRDA:369,18,0,0
BRDA:369,18,1,1
BRDA:373,19,0,0
BRDA:373,19,1,1
BRDA:421,20,0,4
BRDA:421,20,1,0
BRDA:440,21,0,1
BRDA:440,21,1,1
BRF:44
BRH:28
end_of_record
TN:
SF:E:\SU\Semester-2-WS-19-20\SE\MEJBAH_PROJECT\Backend\src\utility\cronjobs.js
FN:9,(anonymous_0)
FN:14,(anonymous_1)
FN:20,(anonymous_2)
FN:40,(anonymous_3)
FN:68,(anonymous_4)
FN:73,(anonymous_5)
FN:77,(anonymous_6)
FNF:7
FNH:5
FNDA:2,(anonymous_0)
FNDA:3,(anonymous_1)
FNDA:3,(anonymous_2)
FNDA:3,(anonymous_3)
FNDA:1,(anonymous_4)
FNDA:0,(anonymous_5)
FNDA:0,(anonymous_6)
DA:1,4
DA:2,4
DA:3,4
DA:4,4
DA:5,4
DA:6,4
DA:9,4
DA:11,2
DA:12,2
DA:15,3
DA:16,3
DA:20,3
DA:21,3
DA:37,3
DA:41,3
DA:42,3
DA:54,3
DA:56,0
DA:62,0
DA:68,4
DA:70,1
DA:71,1
DA:74,0
DA:75,0
DA:77,0
DA:78,0
DA:81,0
DA:84,0
DA:96,0
DA:98,0
DA:103,1
DA:107,4
LF:32
LH:22
BRDA:21,0,0,3
BRDA:21,0,1,0
BRDA:22,1,0,3
BRDA:22,1,1,3
BRF:4
BRH:3
end_of_record
TN:
SF:E:\SU\Semester-2-WS-19-20\SE\MEJBAH_PROJECT\Backend\src\utility\emailService.js
FN:8,(anonymous_0)
FN:20,(anonymous_1)
FN:32,(anonymous_2)
FN:44,(anonymous_3)
FNF:4
FNH:0
FNDA:0,(anonymous_0)
FNDA:0,(anonymous_1)
FNDA:0,(anonymous_2)
FNDA:0,(anonymous_3)
DA:1,4
DA:2,4
DA:4,4
DA:6,4
DA:8,4
DA:9,0
DA:20,4
DA:21,0
DA:32,4
DA:33,0
DA:44,4
DA:51,0
DA:61,4
LF:13
LH:9
BRF:0
BRH:0
end_of_record
TN:
SF:E:\SU\Semester-2-WS-19-20\SE\MEJBAH_PROJECT\Backend\src\utility\eunms.js
FNF:0
FNH:0
DA:1,4
DA:7,4
DA:13,4
DA:18,4
DA:23,4
DA:28,4
LF:6
LH:6
BRF:0
BRH:0
end_of_record
